2024-06-09T13:28:58.691+03:30  INFO 21899 --- [SpringBootRestService] [main] .S.SpringBootRestServiceApplicationTests : Starting SpringBootRestServiceApplicationTests using Java 17.0.10 with PID 21899 (started by pc1 in /home/pc1/Documents/Projects/Junit_Integration_Test1)
2024-06-09T13:28:58.698+03:30  INFO 21899 --- [SpringBootRestService] [main] .S.SpringBootRestServiceApplicationTests : The following 1 profile is active: "dev"
2024-06-09T13:28:59.394+03:30  INFO 21899 --- [SpringBootRestService] [main] .s.d.r.c.RepositoryConfigurationDelegate : Bootstrapping Spring Data JPA repositories in DEFAULT mode.
2024-06-09T13:28:59.451+03:30  INFO 21899 --- [SpringBootRestService] [main] .s.d.r.c.RepositoryConfigurationDelegate : Finished Spring Data repository scanning in 45 ms. Found 1 JPA repository interface.
2024-06-09T13:29:00.537+03:30  INFO 21899 --- [SpringBootRestService] [main] com.zaxxer.hikari.HikariDataSource       : HikariPool-1 - Starting...
2024-06-09T13:29:00.744+03:30  INFO 21899 --- [SpringBootRestService] [main] com.zaxxer.hikari.pool.HikariPool        : HikariPool-1 - Added connection conn0: url=jdbc:h2:mem:testdb user=SA
2024-06-09T13:29:00.746+03:30  INFO 21899 --- [SpringBootRestService] [main] com.zaxxer.hikari.HikariDataSource       : HikariPool-1 - Start completed.
2024-06-09T13:29:00.842+03:30  INFO 21899 --- [SpringBootRestService] [main] o.hibernate.jpa.internal.util.LogHelper  : HHH000204: Processing PersistenceUnitInfo [name: default]
2024-06-09T13:29:00.928+03:30  INFO 21899 --- [SpringBootRestService] [main] org.hibernate.Version                    : HHH000412: Hibernate ORM core version 6.4.4.Final
2024-06-09T13:29:00.981+03:30  INFO 21899 --- [SpringBootRestService] [main] o.h.c.internal.RegionFactoryInitiator    : HHH000026: Second-level cache disabled
2024-06-09T13:29:01.100+03:30  INFO 21899 --- [SpringBootRestService] [main] o.s.o.j.p.SpringPersistenceUnitInfo      : No LoadTimeWeaver setup: ignoring JPA class transformer
2024-06-09T13:29:01.162+03:30  WARN 21899 --- [SpringBootRestService] [main] org.hibernate.dialect.Dialect            : HHH000511: The 2.2.0 version for [org.hibernate.dialect.PostgreSQLDialect] is no longer supported, hence certain features may not work properly. The minimum supported version is 12.0.0. Check the community dialects project for available legacy versions.
2024-06-09T13:29:01.169+03:30  WARN 21899 --- [SpringBootRestService] [main] org.hibernate.orm.deprecation            : HHH90000025: PostgreSQLDialect does not need to be specified explicitly using 'hibernate.dialect' (remove the property setting and it will be selected by default)
2024-06-09T13:29:01.723+03:30  INFO 21899 --- [SpringBootRestService] [main] o.h.e.t.j.p.i.JtaPlatformInitiator       : HHH000489: No JTA platform available (set 'hibernate.transaction.jta.platform' to enable JTA platform integration)
2024-06-09T13:29:01.765+03:30  INFO 21899 --- [SpringBootRestService] [main] j.LocalContainerEntityManagerFactoryBean : Initialized JPA EntityManagerFactory for persistence unit 'default'
2024-06-09T13:29:01.919+03:30  WARN 21899 --- [SpringBootRestService] [main] JpaBaseConfiguration$JpaWebConfiguration : spring.jpa.open-in-view is enabled by default. Therefore, database queries may be performed during view rendering. Explicitly configure spring.jpa.open-in-view to disable this warning
2024-06-09T13:29:02.290+03:30  INFO 21899 --- [SpringBootRestService] [main] o.s.b.t.m.w.SpringBootMockServletContext : Initializing Spring TestDispatcherServlet ''
2024-06-09T13:29:02.291+03:30  INFO 21899 --- [SpringBootRestService] [main] o.s.t.web.servlet.TestDispatcherServlet  : Initializing Servlet ''
2024-06-09T13:29:02.292+03:30  INFO 21899 --- [SpringBootRestService] [main] o.s.t.web.servlet.TestDispatcherServlet  : Completed initialization in 1 ms
2024-06-09T13:29:02.318+03:30  INFO 21899 --- [SpringBootRestService] [main] .S.SpringBootRestServiceApplicationTests : Started SpringBootRestServiceApplicationTests in 3.947 seconds (process running for 5.089)
2024-06-09T13:29:02.386+03:30  INFO 21899 --- [SpringBootRestService] [SpringApplicationShutdownHook] j.LocalContainerEntityManagerFactoryBean : Closing JPA EntityManagerFactory for persistence unit 'default'
2024-06-09T13:29:02.388+03:30  INFO 21899 --- [SpringBootRestService] [SpringApplicationShutdownHook] com.zaxxer.hikari.HikariDataSource       : HikariPool-1 - Shutdown initiated...
2024-06-09T13:29:02.391+03:30  INFO 21899 --- [SpringBootRestService] [SpringApplicationShutdownHook] com.zaxxer.hikari.HikariDataSource       : HikariPool-1 - Shutdown completed.
2024-06-09T13:29:27.073+03:30  INFO 22002 --- [SpringBootRestService] [main] .S.SpringBootRestServiceApplicationTests : Starting SpringBootRestServiceApplicationTests using Java 17.0.10 with PID 22002 (started by pc1 in /home/pc1/Documents/Projects/Junit_Integration_Test1)
2024-06-09T13:29:27.075+03:30  INFO 22002 --- [SpringBootRestService] [main] .S.SpringBootRestServiceApplicationTests : The following 1 profile is active: "dev"
2024-06-09T13:29:27.589+03:30  INFO 22002 --- [SpringBootRestService] [main] .s.d.r.c.RepositoryConfigurationDelegate : Bootstrapping Spring Data JPA repositories in DEFAULT mode.
2024-06-09T13:29:27.635+03:30  INFO 22002 --- [SpringBootRestService] [main] .s.d.r.c.RepositoryConfigurationDelegate : Finished Spring Data repository scanning in 39 ms. Found 1 JPA repository interface.
2024-06-09T13:29:28.625+03:30  INFO 22002 --- [SpringBootRestService] [main] com.zaxxer.hikari.HikariDataSource       : HikariPool-1 - Starting...
2024-06-09T13:29:28.787+03:30  INFO 22002 --- [SpringBootRestService] [main] com.zaxxer.hikari.pool.HikariPool        : HikariPool-1 - Added connection conn0: url=jdbc:h2:mem:testdb user=SA
2024-06-09T13:29:28.789+03:30  INFO 22002 --- [SpringBootRestService] [main] com.zaxxer.hikari.HikariDataSource       : HikariPool-1 - Start completed.
2024-06-09T13:29:28.900+03:30  INFO 22002 --- [SpringBootRestService] [main] o.hibernate.jpa.internal.util.LogHelper  : HHH000204: Processing PersistenceUnitInfo [name: default]
2024-06-09T13:29:28.939+03:30  INFO 22002 --- [SpringBootRestService] [main] org.hibernate.Version                    : HHH000412: Hibernate ORM core version 6.4.4.Final
2024-06-09T13:29:28.966+03:30  INFO 22002 --- [SpringBootRestService] [main] o.h.c.internal.RegionFactoryInitiator    : HHH000026: Second-level cache disabled
2024-06-09T13:29:29.043+03:30  INFO 22002 --- [SpringBootRestService] [main] o.s.o.j.p.SpringPersistenceUnitInfo      : No LoadTimeWeaver setup: ignoring JPA class transformer
2024-06-09T13:29:29.078+03:30  WARN 22002 --- [SpringBootRestService] [main] org.hibernate.dialect.Dialect            : HHH000511: The 2.2.0 version for [org.hibernate.dialect.PostgreSQLDialect] is no longer supported, hence certain features may not work properly. The minimum supported version is 12.0.0. Check the community dialects project for available legacy versions.
2024-06-09T13:29:29.083+03:30  WARN 22002 --- [SpringBootRestService] [main] org.hibernate.orm.deprecation            : HHH90000025: PostgreSQLDialect does not need to be specified explicitly using 'hibernate.dialect' (remove the property setting and it will be selected by default)
2024-06-09T13:29:29.565+03:30  INFO 22002 --- [SpringBootRestService] [main] o.h.e.t.j.p.i.JtaPlatformInitiator       : HHH000489: No JTA platform available (set 'hibernate.transaction.jta.platform' to enable JTA platform integration)
2024-06-09T13:29:29.603+03:30  INFO 22002 --- [SpringBootRestService] [main] j.LocalContainerEntityManagerFactoryBean : Initialized JPA EntityManagerFactory for persistence unit 'default'
2024-06-09T13:29:29.754+03:30  WARN 22002 --- [SpringBootRestService] [main] JpaBaseConfiguration$JpaWebConfiguration : spring.jpa.open-in-view is enabled by default. Therefore, database queries may be performed during view rendering. Explicitly configure spring.jpa.open-in-view to disable this warning
2024-06-09T13:29:30.128+03:30  INFO 22002 --- [SpringBootRestService] [main] o.s.b.t.m.w.SpringBootMockServletContext : Initializing Spring TestDispatcherServlet ''
2024-06-09T13:29:30.129+03:30  INFO 22002 --- [SpringBootRestService] [main] o.s.t.web.servlet.TestDispatcherServlet  : Initializing Servlet ''
2024-06-09T13:29:30.130+03:30  INFO 22002 --- [SpringBootRestService] [main] o.s.t.web.servlet.TestDispatcherServlet  : Completed initialization in 1 ms
2024-06-09T13:29:30.151+03:30  INFO 22002 --- [SpringBootRestService] [main] .S.SpringBootRestServiceApplicationTests : Started SpringBootRestServiceApplicationTests in 3.44 seconds (process running for 4.371)
2024-06-09T13:29:30.224+03:30  INFO 22002 --- [SpringBootRestService] [SpringApplicationShutdownHook] j.LocalContainerEntityManagerFactoryBean : Closing JPA EntityManagerFactory for persistence unit 'default'
2024-06-09T13:29:30.226+03:30  INFO 22002 --- [SpringBootRestService] [SpringApplicationShutdownHook] com.zaxxer.hikari.HikariDataSource       : HikariPool-1 - Shutdown initiated...
2024-06-09T13:29:30.228+03:30  INFO 22002 --- [SpringBootRestService] [SpringApplicationShutdownHook] com.zaxxer.hikari.HikariDataSource       : HikariPool-1 - Shutdown completed.
2024-06-09T16:02:32.005+03:30  INFO 25488 --- [SpringBootRestService] [main] c.e.S.SpringBootRestServiceIT            : Starting SpringBootRestServiceIT using Java 17.0.10 with PID 25488 (started by pc1 in /home/pc1/Documents/Projects/Junit_Integration_Test1)
2024-06-09T16:02:32.006+03:30  INFO 25488 --- [SpringBootRestService] [main] c.e.S.SpringBootRestServiceIT            : The following 1 profile is active: "dev"
2024-06-09T16:02:32.562+03:30  INFO 25488 --- [SpringBootRestService] [main] .s.d.r.c.RepositoryConfigurationDelegate : Bootstrapping Spring Data JPA repositories in DEFAULT mode.
2024-06-09T16:02:32.603+03:30  INFO 25488 --- [SpringBootRestService] [main] .s.d.r.c.RepositoryConfigurationDelegate : Finished Spring Data repository scanning in 35 ms. Found 1 JPA repository interface.
2024-06-09T16:02:32.918+03:30  INFO 25488 --- [SpringBootRestService] [main] com.zaxxer.hikari.HikariDataSource       : HikariPool-1 - Starting...
2024-06-09T16:02:33.052+03:30  INFO 25488 --- [SpringBootRestService] [main] com.zaxxer.hikari.pool.HikariPool        : HikariPool-1 - Added connection conn0: url=jdbc:h2:mem:testdb user=SA
2024-06-09T16:02:33.054+03:30  INFO 25488 --- [SpringBootRestService] [main] com.zaxxer.hikari.HikariDataSource       : HikariPool-1 - Start completed.
2024-06-09T16:02:33.121+03:30  INFO 25488 --- [SpringBootRestService] [main] o.hibernate.jpa.internal.util.LogHelper  : HHH000204: Processing PersistenceUnitInfo [name: default]
2024-06-09T16:02:33.158+03:30  INFO 25488 --- [SpringBootRestService] [main] org.hibernate.Version                    : HHH000412: Hibernate ORM core version 6.4.4.Final
2024-06-09T16:02:33.185+03:30  INFO 25488 --- [SpringBootRestService] [main] o.h.c.internal.RegionFactoryInitiator    : HHH000026: Second-level cache disabled
2024-06-09T16:02:33.347+03:30  INFO 25488 --- [SpringBootRestService] [main] o.s.o.j.p.SpringPersistenceUnitInfo      : No LoadTimeWeaver setup: ignoring JPA class transformer
2024-06-09T16:02:33.384+03:30  WARN 25488 --- [SpringBootRestService] [main] org.hibernate.dialect.Dialect            : HHH000511: The 2.2.0 version for [org.hibernate.dialect.PostgreSQLDialect] is no longer supported, hence certain features may not work properly. The minimum supported version is 12.0.0. Check the community dialects project for available legacy versions.
2024-06-09T16:02:33.388+03:30  WARN 25488 --- [SpringBootRestService] [main] org.hibernate.orm.deprecation            : HHH90000025: PostgreSQLDialect does not need to be specified explicitly using 'hibernate.dialect' (remove the property setting and it will be selected by default)
2024-06-09T16:02:33.894+03:30  INFO 25488 --- [SpringBootRestService] [main] o.h.e.t.j.p.i.JtaPlatformInitiator       : HHH000489: No JTA platform available (set 'hibernate.transaction.jta.platform' to enable JTA platform integration)
2024-06-09T16:02:33.925+03:30  INFO 25488 --- [SpringBootRestService] [main] j.LocalContainerEntityManagerFactoryBean : Initialized JPA EntityManagerFactory for persistence unit 'default'
2024-06-09T16:02:34.272+03:30  WARN 25488 --- [SpringBootRestService] [main] JpaBaseConfiguration$JpaWebConfiguration : spring.jpa.open-in-view is enabled by default. Therefore, database queries may be performed during view rendering. Explicitly configure spring.jpa.open-in-view to disable this warning
2024-06-09T16:02:34.545+03:30  INFO 25488 --- [SpringBootRestService] [main] c.e.S.SpringBootRestServiceIT            : Started SpringBootRestServiceIT in 2.826 seconds (process running for 3.71)
2024-06-09T16:02:35.835+03:30  INFO 25488 --- [SpringBootRestService] [SpringApplicationShutdownHook] j.LocalContainerEntityManagerFactoryBean : Closing JPA EntityManagerFactory for persistence unit 'default'
2024-06-09T16:02:35.838+03:30  INFO 25488 --- [SpringBootRestService] [SpringApplicationShutdownHook] com.zaxxer.hikari.HikariDataSource       : HikariPool-1 - Shutdown initiated...
2024-06-09T16:02:35.840+03:30  INFO 25488 --- [SpringBootRestService] [SpringApplicationShutdownHook] com.zaxxer.hikari.HikariDataSource       : HikariPool-1 - Shutdown completed.
2024-06-09T16:02:51.747+03:30  INFO 25581 --- [SpringBootRestService] [main] c.e.S.SpringBootRestServiceIT            : Starting SpringBootRestServiceIT using Java 17.0.10 with PID 25581 (started by pc1 in /home/pc1/Documents/Projects/Junit_Integration_Test1)
2024-06-09T16:02:51.748+03:30  INFO 25581 --- [SpringBootRestService] [main] c.e.S.SpringBootRestServiceIT            : The following 1 profile is active: "dev"
2024-06-09T16:02:52.470+03:30  INFO 25581 --- [SpringBootRestService] [main] .s.d.r.c.RepositoryConfigurationDelegate : Bootstrapping Spring Data JPA repositories in DEFAULT mode.
2024-06-09T16:02:52.581+03:30  INFO 25581 --- [SpringBootRestService] [main] .s.d.r.c.RepositoryConfigurationDelegate : Finished Spring Data repository scanning in 99 ms. Found 1 JPA repository interface.
2024-06-09T16:02:52.926+03:30  INFO 25581 --- [SpringBootRestService] [main] com.zaxxer.hikari.HikariDataSource       : HikariPool-1 - Starting...
2024-06-09T16:02:53.058+03:30  INFO 25581 --- [SpringBootRestService] [main] com.zaxxer.hikari.pool.HikariPool        : HikariPool-1 - Added connection conn0: url=jdbc:h2:mem:testdb user=SA
2024-06-09T16:02:53.060+03:30  INFO 25581 --- [SpringBootRestService] [main] com.zaxxer.hikari.HikariDataSource       : HikariPool-1 - Start completed.
2024-06-09T16:02:53.196+03:30  INFO 25581 --- [SpringBootRestService] [main] o.hibernate.jpa.internal.util.LogHelper  : HHH000204: Processing PersistenceUnitInfo [name: default]
2024-06-09T16:02:53.259+03:30  INFO 25581 --- [SpringBootRestService] [main] org.hibernate.Version                    : HHH000412: Hibernate ORM core version 6.4.4.Final
2024-06-09T16:02:53.298+03:30  INFO 25581 --- [SpringBootRestService] [main] o.h.c.internal.RegionFactoryInitiator    : HHH000026: Second-level cache disabled
2024-06-09T16:02:53.618+03:30  INFO 25581 --- [SpringBootRestService] [main] o.s.o.j.p.SpringPersistenceUnitInfo      : No LoadTimeWeaver setup: ignoring JPA class transformer
2024-06-09T16:02:53.663+03:30  WARN 25581 --- [SpringBootRestService] [main] org.hibernate.dialect.Dialect            : HHH000511: The 2.2.0 version for [org.hibernate.dialect.PostgreSQLDialect] is no longer supported, hence certain features may not work properly. The minimum supported version is 12.0.0. Check the community dialects project for available legacy versions.
2024-06-09T16:02:53.667+03:30  WARN 25581 --- [SpringBootRestService] [main] org.hibernate.orm.deprecation            : HHH90000025: PostgreSQLDialect does not need to be specified explicitly using 'hibernate.dialect' (remove the property setting and it will be selected by default)
2024-06-09T16:02:54.313+03:30  INFO 25581 --- [SpringBootRestService] [main] o.h.e.t.j.p.i.JtaPlatformInitiator       : HHH000489: No JTA platform available (set 'hibernate.transaction.jta.platform' to enable JTA platform integration)
2024-06-09T16:02:54.356+03:30  INFO 25581 --- [SpringBootRestService] [main] j.LocalContainerEntityManagerFactoryBean : Initialized JPA EntityManagerFactory for persistence unit 'default'
2024-06-09T16:02:54.409+03:30  INFO 25628 --- [SpringBootRestService] [restartedMain] c.e.S.SpringBootRestServiceApplication   : Starting SpringBootRestServiceApplication using Java 17.0.10 with PID 25628 (/home/pc1/Documents/Projects/Junit_Integration_Test1/target/classes started by pc1 in /home/pc1/Documents/Projects/Junit_Integration_Test1)
2024-06-09T16:02:54.413+03:30  INFO 25628 --- [SpringBootRestService] [restartedMain] c.e.S.SpringBootRestServiceApplication   : The following 1 profile is active: "dev"
2024-06-09T16:02:54.473+03:30  INFO 25628 --- [SpringBootRestService] [restartedMain] .e.DevToolsPropertyDefaultsPostProcessor : Devtools property defaults active! Set 'spring.devtools.add-properties' to 'false' to disable
2024-06-09T16:02:54.473+03:30  INFO 25628 --- [SpringBootRestService] [restartedMain] .e.DevToolsPropertyDefaultsPostProcessor : For additional web related logging consider setting the 'logging.level.web' property to 'DEBUG'
2024-06-09T16:02:54.895+03:30  WARN 25581 --- [SpringBootRestService] [main] JpaBaseConfiguration$JpaWebConfiguration : spring.jpa.open-in-view is enabled by default. Therefore, database queries may be performed during view rendering. Explicitly configure spring.jpa.open-in-view to disable this warning
2024-06-09T16:02:55.349+03:30  INFO 25581 --- [SpringBootRestService] [main] c.e.S.SpringBootRestServiceIT            : Started SpringBootRestServiceIT in 3.882 seconds (process running for 4.901)
2024-06-09T16:02:55.353+03:30  INFO 25628 --- [SpringBootRestService] [restartedMain] .s.d.r.c.RepositoryConfigurationDelegate : Bootstrapping Spring Data JPA repositories in DEFAULT mode.
2024-06-09T16:02:55.425+03:30  INFO 25628 --- [SpringBootRestService] [restartedMain] .s.d.r.c.RepositoryConfigurationDelegate : Finished Spring Data repository scanning in 67 ms. Found 1 JPA repository interface.
2024-06-09T16:02:56.157+03:30  INFO 25581 --- [SpringBootRestService] [SpringApplicationShutdownHook] j.LocalContainerEntityManagerFactoryBean : Closing JPA EntityManagerFactory for persistence unit 'default'
2024-06-09T16:02:56.159+03:30  INFO 25581 --- [SpringBootRestService] [SpringApplicationShutdownHook] com.zaxxer.hikari.HikariDataSource       : HikariPool-1 - Shutdown initiated...
2024-06-09T16:02:56.162+03:30  INFO 25581 --- [SpringBootRestService] [SpringApplicationShutdownHook] com.zaxxer.hikari.HikariDataSource       : HikariPool-1 - Shutdown completed.
2024-06-09T16:02:56.190+03:30  INFO 25628 --- [SpringBootRestService] [restartedMain] o.s.b.w.embedded.tomcat.TomcatWebServer  : Tomcat initialized with port 8080 (http)
2024-06-09T16:02:56.198+03:30  INFO 25628 --- [SpringBootRestService] [restartedMain] o.apache.catalina.core.StandardService   : Starting service [Tomcat]
2024-06-09T16:02:56.198+03:30  INFO 25628 --- [SpringBootRestService] [restartedMain] o.apache.catalina.core.StandardEngine    : Starting Servlet engine: [Apache Tomcat/10.1.20]
2024-06-09T16:02:56.234+03:30  INFO 25628 --- [SpringBootRestService] [restartedMain] o.a.c.c.C.[Tomcat].[localhost].[/]       : Initializing Spring embedded WebApplicationContext
2024-06-09T16:02:56.234+03:30  INFO 25628 --- [SpringBootRestService] [restartedMain] w.s.c.ServletWebServerApplicationContext : Root WebApplicationContext: initialization completed in 1761 ms
2024-06-09T16:02:56.257+03:30  INFO 25628 --- [SpringBootRestService] [restartedMain] com.zaxxer.hikari.HikariDataSource       : HikariPool-1 - Starting...
2024-06-09T16:02:56.385+03:30  INFO 25628 --- [SpringBootRestService] [restartedMain] com.zaxxer.hikari.pool.HikariPool        : HikariPool-1 - Added connection conn0: url=jdbc:h2:mem:testdb user=SA
2024-06-09T16:02:56.386+03:30  INFO 25628 --- [SpringBootRestService] [restartedMain] com.zaxxer.hikari.HikariDataSource       : HikariPool-1 - Start completed.
2024-06-09T16:02:56.394+03:30  INFO 25628 --- [SpringBootRestService] [restartedMain] o.s.b.a.h2.H2ConsoleAutoConfiguration    : H2 console available at '/h2-console'. Database available at 'jdbc:h2:mem:testdb'
2024-06-09T16:02:56.505+03:30  INFO 25628 --- [SpringBootRestService] [restartedMain] o.hibernate.jpa.internal.util.LogHelper  : HHH000204: Processing PersistenceUnitInfo [name: default]
2024-06-09T16:02:56.540+03:30  INFO 25628 --- [SpringBootRestService] [restartedMain] org.hibernate.Version                    : HHH000412: Hibernate ORM core version 6.4.4.Final
2024-06-09T16:02:56.562+03:30  INFO 25628 --- [SpringBootRestService] [restartedMain] o.h.c.internal.RegionFactoryInitiator    : HHH000026: Second-level cache disabled
2024-06-09T16:02:56.694+03:30  INFO 25628 --- [SpringBootRestService] [restartedMain] o.s.o.j.p.SpringPersistenceUnitInfo      : No LoadTimeWeaver setup: ignoring JPA class transformer
2024-06-09T16:02:56.717+03:30  WARN 25628 --- [SpringBootRestService] [restartedMain] org.hibernate.dialect.Dialect            : HHH000511: The 2.2.0 version for [org.hibernate.dialect.PostgreSQLDialect] is no longer supported, hence certain features may not work properly. The minimum supported version is 12.0.0. Check the community dialects project for available legacy versions.
2024-06-09T16:02:56.720+03:30  WARN 25628 --- [SpringBootRestService] [restartedMain] org.hibernate.orm.deprecation            : HHH90000025: PostgreSQLDialect does not need to be specified explicitly using 'hibernate.dialect' (remove the property setting and it will be selected by default)
2024-06-09T16:02:57.278+03:30  INFO 25628 --- [SpringBootRestService] [restartedMain] o.h.e.t.j.p.i.JtaPlatformInitiator       : HHH000489: No JTA platform available (set 'hibernate.transaction.jta.platform' to enable JTA platform integration)
2024-06-09T16:02:57.312+03:30  INFO 25628 --- [SpringBootRestService] [restartedMain] j.LocalContainerEntityManagerFactoryBean : Initialized JPA EntityManagerFactory for persistence unit 'default'
2024-06-09T16:02:57.532+03:30  WARN 25628 --- [SpringBootRestService] [restartedMain] JpaBaseConfiguration$JpaWebConfiguration : spring.jpa.open-in-view is enabled by default. Therefore, database queries may be performed during view rendering. Explicitly configure spring.jpa.open-in-view to disable this warning
2024-06-09T16:02:57.739+03:30  INFO 25628 --- [SpringBootRestService] [restartedMain] o.s.b.d.a.OptionalLiveReloadServer       : LiveReload server is running on port 35729
2024-06-09T16:02:57.759+03:30  WARN 25628 --- [SpringBootRestService] [restartedMain] ConfigServletWebServerApplicationContext : Exception encountered during context initialization - cancelling refresh attempt: org.springframework.context.ApplicationContextException: Failed to start bean 'webServerStartStop'
2024-06-09T16:02:57.760+03:30  INFO 25628 --- [SpringBootRestService] [restartedMain] j.LocalContainerEntityManagerFactoryBean : Closing JPA EntityManagerFactory for persistence unit 'default'
2024-06-09T16:02:57.763+03:30  WARN 25628 --- [SpringBootRestService] [restartedMain] o.s.b.f.support.DisposableBeanAdapter    : Invocation of destroy method failed on bean with name 'inMemoryDatabaseShutdownExecutor': org.h2.jdbc.JdbcSQLNonTransientConnectionException: Database is already closed (to disable automatic closing at VM shutdown, add ";DB_CLOSE_ON_EXIT=FALSE" to the db URL) [90121-224]
2024-06-09T16:02:57.764+03:30  INFO 25628 --- [SpringBootRestService] [restartedMain] com.zaxxer.hikari.HikariDataSource       : HikariPool-1 - Shutdown initiated...
2024-06-09T16:02:57.765+03:30  INFO 25628 --- [SpringBootRestService] [restartedMain] com.zaxxer.hikari.HikariDataSource       : HikariPool-1 - Shutdown completed.
2024-06-09T16:02:57.781+03:30  INFO 25628 --- [SpringBootRestService] [restartedMain] .s.b.a.l.ConditionEvaluationReportLogger : 

Error starting ApplicationContext. To display the condition evaluation report re-run your application with 'debug' enabled.
2024-06-09T16:02:57.792+03:30 ERROR 25628 --- [SpringBootRestService] [restartedMain] o.s.b.d.LoggingFailureAnalysisReporter   : 

***************************
APPLICATION FAILED TO START
***************************

Description:

Web server failed to start. Port 8080 was already in use.

Action:

Identify and stop the process that's listening on port 8080 or configure this application to listen on another port.

2024-06-09T16:03:02.920+03:30  INFO 25762 --- [SpringBootRestService] [restartedMain] c.e.S.SpringBootRestServiceApplication   : Starting SpringBootRestServiceApplication using Java 17.0.10 with PID 25762 (/home/pc1/Documents/Projects/Junit_Integration_Test1/target/classes started by pc1 in /home/pc1/Documents/Projects/Junit_Integration_Test1)
2024-06-09T16:03:02.922+03:30  INFO 25762 --- [SpringBootRestService] [restartedMain] c.e.S.SpringBootRestServiceApplication   : The following 1 profile is active: "dev"
2024-06-09T16:03:02.951+03:30  INFO 25762 --- [SpringBootRestService] [restartedMain] .e.DevToolsPropertyDefaultsPostProcessor : Devtools property defaults active! Set 'spring.devtools.add-properties' to 'false' to disable
2024-06-09T16:03:02.951+03:30  INFO 25762 --- [SpringBootRestService] [restartedMain] .e.DevToolsPropertyDefaultsPostProcessor : For additional web related logging consider setting the 'logging.level.web' property to 'DEBUG'
2024-06-09T16:03:03.401+03:30  INFO 25762 --- [SpringBootRestService] [restartedMain] .s.d.r.c.RepositoryConfigurationDelegate : Bootstrapping Spring Data JPA repositories in DEFAULT mode.
2024-06-09T16:03:03.441+03:30  INFO 25762 --- [SpringBootRestService] [restartedMain] .s.d.r.c.RepositoryConfigurationDelegate : Finished Spring Data repository scanning in 31 ms. Found 1 JPA repository interface.
2024-06-09T16:03:03.762+03:30  INFO 25762 --- [SpringBootRestService] [restartedMain] o.s.b.w.embedded.tomcat.TomcatWebServer  : Tomcat initialized with port 8080 (http)
2024-06-09T16:03:03.775+03:30  INFO 25762 --- [SpringBootRestService] [restartedMain] o.apache.catalina.core.StandardService   : Starting service [Tomcat]
2024-06-09T16:03:03.776+03:30  INFO 25762 --- [SpringBootRestService] [restartedMain] o.apache.catalina.core.StandardEngine    : Starting Servlet engine: [Apache Tomcat/10.1.20]
2024-06-09T16:03:03.807+03:30  INFO 25762 --- [SpringBootRestService] [restartedMain] o.a.c.c.C.[Tomcat].[localhost].[/]       : Initializing Spring embedded WebApplicationContext
2024-06-09T16:03:03.807+03:30  INFO 25762 --- [SpringBootRestService] [restartedMain] w.s.c.ServletWebServerApplicationContext : Root WebApplicationContext: initialization completed in 855 ms
2024-06-09T16:03:03.830+03:30  INFO 25762 --- [SpringBootRestService] [restartedMain] com.zaxxer.hikari.HikariDataSource       : HikariPool-1 - Starting...
2024-06-09T16:03:03.946+03:30  INFO 25762 --- [SpringBootRestService] [restartedMain] com.zaxxer.hikari.pool.HikariPool        : HikariPool-1 - Added connection conn0: url=jdbc:h2:mem:testdb user=SA
2024-06-09T16:03:03.947+03:30  INFO 25762 --- [SpringBootRestService] [restartedMain] com.zaxxer.hikari.HikariDataSource       : HikariPool-1 - Start completed.
2024-06-09T16:03:03.954+03:30  INFO 25762 --- [SpringBootRestService] [restartedMain] o.s.b.a.h2.H2ConsoleAutoConfiguration    : H2 console available at '/h2-console'. Database available at 'jdbc:h2:mem:testdb'
2024-06-09T16:03:04.067+03:30  INFO 25762 --- [SpringBootRestService] [restartedMain] o.hibernate.jpa.internal.util.LogHelper  : HHH000204: Processing PersistenceUnitInfo [name: default]
2024-06-09T16:03:04.095+03:30  INFO 25762 --- [SpringBootRestService] [restartedMain] org.hibernate.Version                    : HHH000412: Hibernate ORM core version 6.4.4.Final
2024-06-09T16:03:04.113+03:30  INFO 25762 --- [SpringBootRestService] [restartedMain] o.h.c.internal.RegionFactoryInitiator    : HHH000026: Second-level cache disabled
2024-06-09T16:03:04.238+03:30  INFO 25762 --- [SpringBootRestService] [restartedMain] o.s.o.j.p.SpringPersistenceUnitInfo      : No LoadTimeWeaver setup: ignoring JPA class transformer
2024-06-09T16:03:04.261+03:30  WARN 25762 --- [SpringBootRestService] [restartedMain] org.hibernate.dialect.Dialect            : HHH000511: The 2.2.0 version for [org.hibernate.dialect.PostgreSQLDialect] is no longer supported, hence certain features may not work properly. The minimum supported version is 12.0.0. Check the community dialects project for available legacy versions.
2024-06-09T16:03:04.263+03:30  WARN 25762 --- [SpringBootRestService] [restartedMain] org.hibernate.orm.deprecation            : HHH90000025: PostgreSQLDialect does not need to be specified explicitly using 'hibernate.dialect' (remove the property setting and it will be selected by default)
2024-06-09T16:03:04.704+03:30  INFO 25762 --- [SpringBootRestService] [restartedMain] o.h.e.t.j.p.i.JtaPlatformInitiator       : HHH000489: No JTA platform available (set 'hibernate.transaction.jta.platform' to enable JTA platform integration)
2024-06-09T16:03:04.731+03:30  INFO 25762 --- [SpringBootRestService] [restartedMain] j.LocalContainerEntityManagerFactoryBean : Initialized JPA EntityManagerFactory for persistence unit 'default'
2024-06-09T16:03:04.927+03:30  WARN 25762 --- [SpringBootRestService] [restartedMain] JpaBaseConfiguration$JpaWebConfiguration : spring.jpa.open-in-view is enabled by default. Therefore, database queries may be performed during view rendering. Explicitly configure spring.jpa.open-in-view to disable this warning
2024-06-09T16:03:05.122+03:30  INFO 25762 --- [SpringBootRestService] [restartedMain] o.s.b.d.a.OptionalLiveReloadServer       : LiveReload server is running on port 35729
2024-06-09T16:03:05.140+03:30  WARN 25762 --- [SpringBootRestService] [restartedMain] ConfigServletWebServerApplicationContext : Exception encountered during context initialization - cancelling refresh attempt: org.springframework.context.ApplicationContextException: Failed to start bean 'webServerStartStop'
2024-06-09T16:03:05.141+03:30  INFO 25762 --- [SpringBootRestService] [restartedMain] j.LocalContainerEntityManagerFactoryBean : Closing JPA EntityManagerFactory for persistence unit 'default'
2024-06-09T16:03:05.145+03:30  WARN 25762 --- [SpringBootRestService] [restartedMain] o.s.b.f.support.DisposableBeanAdapter    : Invocation of destroy method failed on bean with name 'inMemoryDatabaseShutdownExecutor': org.h2.jdbc.JdbcSQLNonTransientConnectionException: Database is already closed (to disable automatic closing at VM shutdown, add ";DB_CLOSE_ON_EXIT=FALSE" to the db URL) [90121-224]
2024-06-09T16:03:05.145+03:30  INFO 25762 --- [SpringBootRestService] [restartedMain] com.zaxxer.hikari.HikariDataSource       : HikariPool-1 - Shutdown initiated...
2024-06-09T16:03:05.147+03:30  INFO 25762 --- [SpringBootRestService] [restartedMain] com.zaxxer.hikari.HikariDataSource       : HikariPool-1 - Shutdown completed.
2024-06-09T16:03:05.157+03:30  INFO 25762 --- [SpringBootRestService] [restartedMain] .s.b.a.l.ConditionEvaluationReportLogger : 

Error starting ApplicationContext. To display the condition evaluation report re-run your application with 'debug' enabled.
2024-06-09T16:03:05.167+03:30 ERROR 25762 --- [SpringBootRestService] [restartedMain] o.s.b.d.LoggingFailureAnalysisReporter   : 

***************************
APPLICATION FAILED TO START
***************************

Description:

Web server failed to start. Port 8080 was already in use.

Action:

Identify and stop the process that's listening on port 8080 or configure this application to listen on another port.

2024-06-09T16:04:11.864+03:30  INFO 26086 --- [SpringBootRestService] [restartedMain] c.e.S.SpringBootRestServiceApplication   : Starting SpringBootRestServiceApplication using Java 17.0.10 with PID 26086 (/home/pc1/Documents/Projects/Junit_Integration_Test1/target/classes started by pc1 in /home/pc1/Documents/Projects/Junit_Integration_Test1)
2024-06-09T16:04:11.865+03:30  INFO 26086 --- [SpringBootRestService] [restartedMain] c.e.S.SpringBootRestServiceApplication   : The following 1 profile is active: "dev"
2024-06-09T16:04:11.913+03:30  INFO 26086 --- [SpringBootRestService] [restartedMain] .e.DevToolsPropertyDefaultsPostProcessor : Devtools property defaults active! Set 'spring.devtools.add-properties' to 'false' to disable
2024-06-09T16:04:11.913+03:30  INFO 26086 --- [SpringBootRestService] [restartedMain] .e.DevToolsPropertyDefaultsPostProcessor : For additional web related logging consider setting the 'logging.level.web' property to 'DEBUG'
2024-06-09T16:04:12.345+03:30  INFO 26086 --- [SpringBootRestService] [restartedMain] .s.d.r.c.RepositoryConfigurationDelegate : Bootstrapping Spring Data JPA repositories in DEFAULT mode.
2024-06-09T16:04:12.381+03:30  INFO 26086 --- [SpringBootRestService] [restartedMain] .s.d.r.c.RepositoryConfigurationDelegate : Finished Spring Data repository scanning in 31 ms. Found 1 JPA repository interface.
2024-06-09T16:04:12.701+03:30  INFO 26086 --- [SpringBootRestService] [restartedMain] o.s.b.w.embedded.tomcat.TomcatWebServer  : Tomcat initialized with port 8081 (http)
2024-06-09T16:04:12.708+03:30  INFO 26086 --- [SpringBootRestService] [restartedMain] o.apache.catalina.core.StandardService   : Starting service [Tomcat]
2024-06-09T16:04:12.708+03:30  INFO 26086 --- [SpringBootRestService] [restartedMain] o.apache.catalina.core.StandardEngine    : Starting Servlet engine: [Apache Tomcat/10.1.20]
2024-06-09T16:04:12.733+03:30  INFO 26086 --- [SpringBootRestService] [restartedMain] o.a.c.c.C.[Tomcat].[localhost].[/]       : Initializing Spring embedded WebApplicationContext
2024-06-09T16:04:12.733+03:30  INFO 26086 --- [SpringBootRestService] [restartedMain] w.s.c.ServletWebServerApplicationContext : Root WebApplicationContext: initialization completed in 819 ms
2024-06-09T16:04:12.753+03:30  INFO 26086 --- [SpringBootRestService] [restartedMain] com.zaxxer.hikari.HikariDataSource       : HikariPool-1 - Starting...
2024-06-09T16:04:12.861+03:30  INFO 26086 --- [SpringBootRestService] [restartedMain] com.zaxxer.hikari.pool.HikariPool        : HikariPool-1 - Added connection conn0: url=jdbc:h2:mem:testdb user=SA
2024-06-09T16:04:12.862+03:30  INFO 26086 --- [SpringBootRestService] [restartedMain] com.zaxxer.hikari.HikariDataSource       : HikariPool-1 - Start completed.
2024-06-09T16:04:12.869+03:30  INFO 26086 --- [SpringBootRestService] [restartedMain] o.s.b.a.h2.H2ConsoleAutoConfiguration    : H2 console available at '/h2-console'. Database available at 'jdbc:h2:mem:testdb'
2024-06-09T16:04:12.967+03:30  INFO 26086 --- [SpringBootRestService] [restartedMain] o.hibernate.jpa.internal.util.LogHelper  : HHH000204: Processing PersistenceUnitInfo [name: default]
2024-06-09T16:04:12.998+03:30  INFO 26086 --- [SpringBootRestService] [restartedMain] org.hibernate.Version                    : HHH000412: Hibernate ORM core version 6.4.4.Final
2024-06-09T16:04:13.018+03:30  INFO 26086 --- [SpringBootRestService] [restartedMain] o.h.c.internal.RegionFactoryInitiator    : HHH000026: Second-level cache disabled
2024-06-09T16:04:13.145+03:30  INFO 26086 --- [SpringBootRestService] [restartedMain] o.s.o.j.p.SpringPersistenceUnitInfo      : No LoadTimeWeaver setup: ignoring JPA class transformer
2024-06-09T16:04:13.167+03:30  WARN 26086 --- [SpringBootRestService] [restartedMain] org.hibernate.dialect.Dialect            : HHH000511: The 2.2.0 version for [org.hibernate.dialect.PostgreSQLDialect] is no longer supported, hence certain features may not work properly. The minimum supported version is 12.0.0. Check the community dialects project for available legacy versions.
2024-06-09T16:04:13.171+03:30  WARN 26086 --- [SpringBootRestService] [restartedMain] org.hibernate.orm.deprecation            : HHH90000025: PostgreSQLDialect does not need to be specified explicitly using 'hibernate.dialect' (remove the property setting and it will be selected by default)
2024-06-09T16:04:13.609+03:30  INFO 26086 --- [SpringBootRestService] [restartedMain] o.h.e.t.j.p.i.JtaPlatformInitiator       : HHH000489: No JTA platform available (set 'hibernate.transaction.jta.platform' to enable JTA platform integration)
2024-06-09T16:04:13.638+03:30  INFO 26086 --- [SpringBootRestService] [restartedMain] j.LocalContainerEntityManagerFactoryBean : Initialized JPA EntityManagerFactory for persistence unit 'default'
2024-06-09T16:04:13.833+03:30  WARN 26086 --- [SpringBootRestService] [restartedMain] JpaBaseConfiguration$JpaWebConfiguration : spring.jpa.open-in-view is enabled by default. Therefore, database queries may be performed during view rendering. Explicitly configure spring.jpa.open-in-view to disable this warning
2024-06-09T16:04:14.032+03:30  INFO 26086 --- [SpringBootRestService] [restartedMain] o.s.b.d.a.OptionalLiveReloadServer       : LiveReload server is running on port 35729
2024-06-09T16:04:14.061+03:30  INFO 26086 --- [SpringBootRestService] [restartedMain] o.s.b.w.embedded.tomcat.TomcatWebServer  : Tomcat started on port 8081 (http) with context path ''
2024-06-09T16:04:14.072+03:30  INFO 26086 --- [SpringBootRestService] [restartedMain] c.e.S.SpringBootRestServiceApplication   : Started SpringBootRestServiceApplication in 2.488 seconds (process running for 2.911)
2024-06-09T16:04:27.031+03:30  INFO 26206 --- [SpringBootRestService] [main] c.e.S.SpringBootRestServiceIT            : Starting SpringBootRestServiceIT using Java 17.0.10 with PID 26206 (started by pc1 in /home/pc1/Documents/Projects/Junit_Integration_Test1)
2024-06-09T16:04:27.035+03:30  INFO 26206 --- [SpringBootRestService] [main] c.e.S.SpringBootRestServiceIT            : The following 1 profile is active: "dev"
2024-06-09T16:04:27.626+03:30  INFO 26206 --- [SpringBootRestService] [main] .s.d.r.c.RepositoryConfigurationDelegate : Bootstrapping Spring Data JPA repositories in DEFAULT mode.
2024-06-09T16:04:27.686+03:30  INFO 26206 --- [SpringBootRestService] [main] .s.d.r.c.RepositoryConfigurationDelegate : Finished Spring Data repository scanning in 54 ms. Found 1 JPA repository interface.
2024-06-09T16:04:27.966+03:30  INFO 26206 --- [SpringBootRestService] [main] com.zaxxer.hikari.HikariDataSource       : HikariPool-1 - Starting...
2024-06-09T16:04:28.102+03:30  INFO 26206 --- [SpringBootRestService] [main] com.zaxxer.hikari.pool.HikariPool        : HikariPool-1 - Added connection conn0: url=jdbc:h2:mem:testdb user=SA
2024-06-09T16:04:28.103+03:30  INFO 26206 --- [SpringBootRestService] [main] com.zaxxer.hikari.HikariDataSource       : HikariPool-1 - Start completed.
2024-06-09T16:04:28.169+03:30  INFO 26206 --- [SpringBootRestService] [main] o.hibernate.jpa.internal.util.LogHelper  : HHH000204: Processing PersistenceUnitInfo [name: default]
2024-06-09T16:04:28.207+03:30  INFO 26206 --- [SpringBootRestService] [main] org.hibernate.Version                    : HHH000412: Hibernate ORM core version 6.4.4.Final
2024-06-09T16:04:28.230+03:30  INFO 26206 --- [SpringBootRestService] [main] o.h.c.internal.RegionFactoryInitiator    : HHH000026: Second-level cache disabled
2024-06-09T16:04:28.394+03:30  INFO 26206 --- [SpringBootRestService] [main] o.s.o.j.p.SpringPersistenceUnitInfo      : No LoadTimeWeaver setup: ignoring JPA class transformer
2024-06-09T16:04:28.432+03:30  WARN 26206 --- [SpringBootRestService] [main] org.hibernate.dialect.Dialect            : HHH000511: The 2.2.0 version for [org.hibernate.dialect.PostgreSQLDialect] is no longer supported, hence certain features may not work properly. The minimum supported version is 12.0.0. Check the community dialects project for available legacy versions.
2024-06-09T16:04:28.436+03:30  WARN 26206 --- [SpringBootRestService] [main] org.hibernate.orm.deprecation            : HHH90000025: PostgreSQLDialect does not need to be specified explicitly using 'hibernate.dialect' (remove the property setting and it will be selected by default)
2024-06-09T16:04:28.956+03:30  INFO 26206 --- [SpringBootRestService] [main] o.h.e.t.j.p.i.JtaPlatformInitiator       : HHH000489: No JTA platform available (set 'hibernate.transaction.jta.platform' to enable JTA platform integration)
2024-06-09T16:04:28.987+03:30  INFO 26206 --- [SpringBootRestService] [main] j.LocalContainerEntityManagerFactoryBean : Initialized JPA EntityManagerFactory for persistence unit 'default'
2024-06-09T16:04:29.293+03:30  WARN 26206 --- [SpringBootRestService] [main] JpaBaseConfiguration$JpaWebConfiguration : spring.jpa.open-in-view is enabled by default. Therefore, database queries may be performed during view rendering. Explicitly configure spring.jpa.open-in-view to disable this warning
2024-06-09T16:04:29.572+03:30  INFO 26206 --- [SpringBootRestService] [main] c.e.S.SpringBootRestServiceIT            : Started SpringBootRestServiceIT in 2.776 seconds (process running for 3.628)
2024-06-09T16:04:29.913+03:30  INFO 26206 --- [SpringBootRestService] [SpringApplicationShutdownHook] j.LocalContainerEntityManagerFactoryBean : Closing JPA EntityManagerFactory for persistence unit 'default'
2024-06-09T16:04:29.916+03:30  INFO 26206 --- [SpringBootRestService] [SpringApplicationShutdownHook] com.zaxxer.hikari.HikariDataSource       : HikariPool-1 - Shutdown initiated...
2024-06-09T16:04:29.919+03:30  INFO 26206 --- [SpringBootRestService] [SpringApplicationShutdownHook] com.zaxxer.hikari.HikariDataSource       : HikariPool-1 - Shutdown completed.
2024-06-09T16:05:23.929+03:30  INFO 26313 --- [SpringBootRestService] [main] c.e.S.SpringBootRestServiceIT            : Starting SpringBootRestServiceIT using Java 17.0.10 with PID 26313 (started by pc1 in /home/pc1/Documents/Projects/Junit_Integration_Test1)
2024-06-09T16:05:23.930+03:30  INFO 26313 --- [SpringBootRestService] [main] c.e.S.SpringBootRestServiceIT            : The following 1 profile is active: "dev"
2024-06-09T16:05:24.462+03:30  INFO 26313 --- [SpringBootRestService] [main] .s.d.r.c.RepositoryConfigurationDelegate : Bootstrapping Spring Data JPA repositories in DEFAULT mode.
2024-06-09T16:05:24.505+03:30  INFO 26313 --- [SpringBootRestService] [main] .s.d.r.c.RepositoryConfigurationDelegate : Finished Spring Data repository scanning in 37 ms. Found 1 JPA repository interface.
2024-06-09T16:05:24.822+03:30  INFO 26313 --- [SpringBootRestService] [main] com.zaxxer.hikari.HikariDataSource       : HikariPool-1 - Starting...
2024-06-09T16:05:24.952+03:30  INFO 26313 --- [SpringBootRestService] [main] com.zaxxer.hikari.pool.HikariPool        : HikariPool-1 - Added connection conn0: url=jdbc:h2:mem:testdb user=SA
2024-06-09T16:05:24.954+03:30  INFO 26313 --- [SpringBootRestService] [main] com.zaxxer.hikari.HikariDataSource       : HikariPool-1 - Start completed.
2024-06-09T16:05:25.020+03:30  INFO 26313 --- [SpringBootRestService] [main] o.hibernate.jpa.internal.util.LogHelper  : HHH000204: Processing PersistenceUnitInfo [name: default]
2024-06-09T16:05:25.058+03:30  INFO 26313 --- [SpringBootRestService] [main] org.hibernate.Version                    : HHH000412: Hibernate ORM core version 6.4.4.Final
2024-06-09T16:05:25.090+03:30  INFO 26313 --- [SpringBootRestService] [main] o.h.c.internal.RegionFactoryInitiator    : HHH000026: Second-level cache disabled
2024-06-09T16:05:25.278+03:30  INFO 26313 --- [SpringBootRestService] [main] o.s.o.j.p.SpringPersistenceUnitInfo      : No LoadTimeWeaver setup: ignoring JPA class transformer
2024-06-09T16:05:25.315+03:30  WARN 26313 --- [SpringBootRestService] [main] org.hibernate.dialect.Dialect            : HHH000511: The 2.2.0 version for [org.hibernate.dialect.PostgreSQLDialect] is no longer supported, hence certain features may not work properly. The minimum supported version is 12.0.0. Check the community dialects project for available legacy versions.
2024-06-09T16:05:25.318+03:30  WARN 26313 --- [SpringBootRestService] [main] org.hibernate.orm.deprecation            : HHH90000025: PostgreSQLDialect does not need to be specified explicitly using 'hibernate.dialect' (remove the property setting and it will be selected by default)
2024-06-09T16:05:25.855+03:30  INFO 26313 --- [SpringBootRestService] [main] o.h.e.t.j.p.i.JtaPlatformInitiator       : HHH000489: No JTA platform available (set 'hibernate.transaction.jta.platform' to enable JTA platform integration)
2024-06-09T16:05:25.886+03:30  INFO 26313 --- [SpringBootRestService] [main] j.LocalContainerEntityManagerFactoryBean : Initialized JPA EntityManagerFactory for persistence unit 'default'
2024-06-09T16:05:26.197+03:30  WARN 26313 --- [SpringBootRestService] [main] JpaBaseConfiguration$JpaWebConfiguration : spring.jpa.open-in-view is enabled by default. Therefore, database queries may be performed during view rendering. Explicitly configure spring.jpa.open-in-view to disable this warning
2024-06-09T16:05:26.499+03:30  INFO 26313 --- [SpringBootRestService] [main] c.e.S.SpringBootRestServiceIT            : Started SpringBootRestServiceIT in 2.868 seconds (process running for 3.719)
2024-06-09T16:05:26.912+03:30  INFO 26313 --- [SpringBootRestService] [SpringApplicationShutdownHook] j.LocalContainerEntityManagerFactoryBean : Closing JPA EntityManagerFactory for persistence unit 'default'
2024-06-09T16:05:26.916+03:30  INFO 26313 --- [SpringBootRestService] [SpringApplicationShutdownHook] com.zaxxer.hikari.HikariDataSource       : HikariPool-1 - Shutdown initiated...
2024-06-09T16:05:26.918+03:30  INFO 26313 --- [SpringBootRestService] [SpringApplicationShutdownHook] com.zaxxer.hikari.HikariDataSource       : HikariPool-1 - Shutdown completed.
2024-06-09T16:05:27.570+03:30  INFO 26086 --- [SpringBootRestService] [SpringApplicationShutdownHook] j.LocalContainerEntityManagerFactoryBean : Closing JPA EntityManagerFactory for persistence unit 'default'
2024-06-09T16:05:27.574+03:30  WARN 26086 --- [SpringBootRestService] [SpringApplicationShutdownHook] o.s.b.f.support.DisposableBeanAdapter    : Invocation of destroy method failed on bean with name 'inMemoryDatabaseShutdownExecutor': org.h2.jdbc.JdbcSQLNonTransientConnectionException: Database is already closed (to disable automatic closing at VM shutdown, add ";DB_CLOSE_ON_EXIT=FALSE" to the db URL) [90121-224]
2024-06-09T16:05:27.574+03:30  INFO 26086 --- [SpringBootRestService] [SpringApplicationShutdownHook] com.zaxxer.hikari.HikariDataSource       : HikariPool-1 - Shutdown initiated...
2024-06-09T16:05:27.575+03:30  INFO 26086 --- [SpringBootRestService] [SpringApplicationShutdownHook] com.zaxxer.hikari.HikariDataSource       : HikariPool-1 - Shutdown completed.
2024-06-09T16:17:50.661+03:30  INFO 26822 --- [SpringBootRestService] [main] .S.SpringBootRestServiceApplicationTests : Starting SpringBootRestServiceApplicationTests using Java 17.0.10 with PID 26822 (started by pc1 in /home/pc1/Documents/Projects/Junit_Integration_Test1)
2024-06-09T16:17:50.663+03:30  INFO 26822 --- [SpringBootRestService] [main] .S.SpringBootRestServiceApplicationTests : The following 1 profile is active: "dev"
2024-06-09T16:17:51.214+03:30  INFO 26822 --- [SpringBootRestService] [main] .s.d.r.c.RepositoryConfigurationDelegate : Bootstrapping Spring Data JPA repositories in DEFAULT mode.
2024-06-09T16:17:51.255+03:30  INFO 26822 --- [SpringBootRestService] [main] .s.d.r.c.RepositoryConfigurationDelegate : Finished Spring Data repository scanning in 35 ms. Found 1 JPA repository interface.
2024-06-09T16:17:52.212+03:30  INFO 26822 --- [SpringBootRestService] [main] com.zaxxer.hikari.HikariDataSource       : HikariPool-1 - Starting...
2024-06-09T16:17:52.362+03:30  INFO 26822 --- [SpringBootRestService] [main] com.zaxxer.hikari.pool.HikariPool        : HikariPool-1 - Added connection conn0: url=jdbc:h2:mem:testdb user=SA
2024-06-09T16:17:52.364+03:30  INFO 26822 --- [SpringBootRestService] [main] com.zaxxer.hikari.HikariDataSource       : HikariPool-1 - Start completed.
2024-06-09T16:17:52.452+03:30  INFO 26822 --- [SpringBootRestService] [main] o.hibernate.jpa.internal.util.LogHelper  : HHH000204: Processing PersistenceUnitInfo [name: default]
2024-06-09T16:17:52.493+03:30  INFO 26822 --- [SpringBootRestService] [main] org.hibernate.Version                    : HHH000412: Hibernate ORM core version 6.4.4.Final
2024-06-09T16:17:52.521+03:30  INFO 26822 --- [SpringBootRestService] [main] o.h.c.internal.RegionFactoryInitiator    : HHH000026: Second-level cache disabled
2024-06-09T16:17:52.597+03:30  INFO 26822 --- [SpringBootRestService] [main] o.s.o.j.p.SpringPersistenceUnitInfo      : No LoadTimeWeaver setup: ignoring JPA class transformer
2024-06-09T16:17:52.633+03:30  WARN 26822 --- [SpringBootRestService] [main] org.hibernate.dialect.Dialect            : HHH000511: The 2.2.0 version for [org.hibernate.dialect.PostgreSQLDialect] is no longer supported, hence certain features may not work properly. The minimum supported version is 12.0.0. Check the community dialects project for available legacy versions.
2024-06-09T16:17:52.637+03:30  WARN 26822 --- [SpringBootRestService] [main] org.hibernate.orm.deprecation            : HHH90000025: PostgreSQLDialect does not need to be specified explicitly using 'hibernate.dialect' (remove the property setting and it will be selected by default)
2024-06-09T16:17:53.150+03:30  INFO 26822 --- [SpringBootRestService] [main] o.h.e.t.j.p.i.JtaPlatformInitiator       : HHH000489: No JTA platform available (set 'hibernate.transaction.jta.platform' to enable JTA platform integration)
2024-06-09T16:17:53.197+03:30  INFO 26822 --- [SpringBootRestService] [main] j.LocalContainerEntityManagerFactoryBean : Initialized JPA EntityManagerFactory for persistence unit 'default'
2024-06-09T16:17:53.450+03:30  WARN 26822 --- [SpringBootRestService] [main] JpaBaseConfiguration$JpaWebConfiguration : spring.jpa.open-in-view is enabled by default. Therefore, database queries may be performed during view rendering. Explicitly configure spring.jpa.open-in-view to disable this warning
2024-06-09T16:17:53.856+03:30  INFO 26822 --- [SpringBootRestService] [main] o.s.b.t.m.w.SpringBootMockServletContext : Initializing Spring TestDispatcherServlet ''
2024-06-09T16:17:53.857+03:30  INFO 26822 --- [SpringBootRestService] [main] o.s.t.web.servlet.TestDispatcherServlet  : Initializing Servlet ''
2024-06-09T16:17:53.858+03:30  INFO 26822 --- [SpringBootRestService] [main] o.s.t.web.servlet.TestDispatcherServlet  : Completed initialization in 1 ms
2024-06-09T16:17:53.879+03:30  INFO 26822 --- [SpringBootRestService] [main] .S.SpringBootRestServiceApplicationTests : Started SpringBootRestServiceApplicationTests in 3.567 seconds (process running for 4.403)
2024-06-09T16:17:54.099+03:30  INFO 26822 --- [SpringBootRestService] [main] c.e.S.controllers.LibraryController      : Book do not exist so creating one...
2024-06-09T16:17:54.114+03:30  INFO 26822 --- [SpringBootRestService] [main] c.e.S.controllers.LibraryController      : Book exist so skipping creation...
2024-06-09T16:17:54.133+03:30  INFO 26822 --- [SpringBootRestService] [main] c.e.S.controllers.LibraryController      : Book is deleted...
2024-06-09T16:17:54.176+03:30  INFO 26822 --- [SpringBootRestService] [main] c.e.S.controllers.LibraryController      : Book is deleted...
2024-06-09T16:17:54.224+03:30  INFO 26822 --- [SpringBootRestService] [main] c.e.S.controllers.LibraryController      : Book do not exist so creating one...
2024-06-09T16:17:54.240+03:30  INFO 26822 --- [SpringBootRestService] [SpringApplicationShutdownHook] j.LocalContainerEntityManagerFactoryBean : Closing JPA EntityManagerFactory for persistence unit 'default'
2024-06-09T16:17:54.242+03:30  INFO 26822 --- [SpringBootRestService] [SpringApplicationShutdownHook] com.zaxxer.hikari.HikariDataSource       : HikariPool-1 - Shutdown initiated...
2024-06-09T16:17:54.245+03:30  INFO 26822 --- [SpringBootRestService] [SpringApplicationShutdownHook] com.zaxxer.hikari.HikariDataSource       : HikariPool-1 - Shutdown completed.
2024-06-09T16:18:10.840+03:30  INFO 26910 --- [SpringBootRestService] [restartedMain] c.e.S.SpringBootRestServiceApplication   : Starting SpringBootRestServiceApplication using Java 17.0.10 with PID 26910 (/home/pc1/Documents/Projects/Junit_Integration_Test1/target/classes started by pc1 in /home/pc1/Documents/Projects/Junit_Integration_Test1)
2024-06-09T16:18:10.841+03:30  INFO 26910 --- [SpringBootRestService] [restartedMain] c.e.S.SpringBootRestServiceApplication   : The following 1 profile is active: "dev"
2024-06-09T16:18:10.870+03:30  INFO 26910 --- [SpringBootRestService] [restartedMain] .e.DevToolsPropertyDefaultsPostProcessor : Devtools property defaults active! Set 'spring.devtools.add-properties' to 'false' to disable
2024-06-09T16:18:10.870+03:30  INFO 26910 --- [SpringBootRestService] [restartedMain] .e.DevToolsPropertyDefaultsPostProcessor : For additional web related logging consider setting the 'logging.level.web' property to 'DEBUG'
2024-06-09T16:18:11.315+03:30  INFO 26910 --- [SpringBootRestService] [restartedMain] .s.d.r.c.RepositoryConfigurationDelegate : Bootstrapping Spring Data JPA repositories in DEFAULT mode.
2024-06-09T16:18:11.352+03:30  INFO 26910 --- [SpringBootRestService] [restartedMain] .s.d.r.c.RepositoryConfigurationDelegate : Finished Spring Data repository scanning in 31 ms. Found 1 JPA repository interface.
2024-06-09T16:18:11.671+03:30  INFO 26910 --- [SpringBootRestService] [restartedMain] o.s.b.w.embedded.tomcat.TomcatWebServer  : Tomcat initialized with port 8081 (http)
2024-06-09T16:18:11.677+03:30  INFO 26910 --- [SpringBootRestService] [restartedMain] o.apache.catalina.core.StandardService   : Starting service [Tomcat]
2024-06-09T16:18:11.678+03:30  INFO 26910 --- [SpringBootRestService] [restartedMain] o.apache.catalina.core.StandardEngine    : Starting Servlet engine: [Apache Tomcat/10.1.20]
2024-06-09T16:18:11.702+03:30  INFO 26910 --- [SpringBootRestService] [restartedMain] o.a.c.c.C.[Tomcat].[localhost].[/]       : Initializing Spring embedded WebApplicationContext
2024-06-09T16:18:11.702+03:30  INFO 26910 --- [SpringBootRestService] [restartedMain] w.s.c.ServletWebServerApplicationContext : Root WebApplicationContext: initialization completed in 832 ms
2024-06-09T16:18:11.722+03:30  INFO 26910 --- [SpringBootRestService] [restartedMain] com.zaxxer.hikari.HikariDataSource       : HikariPool-1 - Starting...
2024-06-09T16:18:11.834+03:30  INFO 26910 --- [SpringBootRestService] [restartedMain] com.zaxxer.hikari.pool.HikariPool        : HikariPool-1 - Added connection conn0: url=jdbc:h2:mem:testdb user=SA
2024-06-09T16:18:11.835+03:30  INFO 26910 --- [SpringBootRestService] [restartedMain] com.zaxxer.hikari.HikariDataSource       : HikariPool-1 - Start completed.
2024-06-09T16:18:11.842+03:30  INFO 26910 --- [SpringBootRestService] [restartedMain] o.s.b.a.h2.H2ConsoleAutoConfiguration    : H2 console available at '/h2-console'. Database available at 'jdbc:h2:mem:testdb'
2024-06-09T16:18:11.941+03:30  INFO 26910 --- [SpringBootRestService] [restartedMain] o.hibernate.jpa.internal.util.LogHelper  : HHH000204: Processing PersistenceUnitInfo [name: default]
2024-06-09T16:18:11.971+03:30  INFO 26910 --- [SpringBootRestService] [restartedMain] org.hibernate.Version                    : HHH000412: Hibernate ORM core version 6.4.4.Final
2024-06-09T16:18:11.992+03:30  INFO 26910 --- [SpringBootRestService] [restartedMain] o.h.c.internal.RegionFactoryInitiator    : HHH000026: Second-level cache disabled
2024-06-09T16:18:12.114+03:30  INFO 26910 --- [SpringBootRestService] [restartedMain] o.s.o.j.p.SpringPersistenceUnitInfo      : No LoadTimeWeaver setup: ignoring JPA class transformer
2024-06-09T16:18:12.136+03:30  WARN 26910 --- [SpringBootRestService] [restartedMain] org.hibernate.dialect.Dialect            : HHH000511: The 2.2.0 version for [org.hibernate.dialect.PostgreSQLDialect] is no longer supported, hence certain features may not work properly. The minimum supported version is 12.0.0. Check the community dialects project for available legacy versions.
2024-06-09T16:18:12.139+03:30  WARN 26910 --- [SpringBootRestService] [restartedMain] org.hibernate.orm.deprecation            : HHH90000025: PostgreSQLDialect does not need to be specified explicitly using 'hibernate.dialect' (remove the property setting and it will be selected by default)
2024-06-09T16:18:12.576+03:30  INFO 26910 --- [SpringBootRestService] [restartedMain] o.h.e.t.j.p.i.JtaPlatformInitiator       : HHH000489: No JTA platform available (set 'hibernate.transaction.jta.platform' to enable JTA platform integration)
2024-06-09T16:18:12.603+03:30  INFO 26910 --- [SpringBootRestService] [restartedMain] j.LocalContainerEntityManagerFactoryBean : Initialized JPA EntityManagerFactory for persistence unit 'default'
2024-06-09T16:18:12.789+03:30  WARN 26910 --- [SpringBootRestService] [restartedMain] JpaBaseConfiguration$JpaWebConfiguration : spring.jpa.open-in-view is enabled by default. Therefore, database queries may be performed during view rendering. Explicitly configure spring.jpa.open-in-view to disable this warning
2024-06-09T16:18:13.014+03:30  INFO 26910 --- [SpringBootRestService] [restartedMain] o.s.b.d.a.OptionalLiveReloadServer       : LiveReload server is running on port 35729
2024-06-09T16:18:13.036+03:30  INFO 26910 --- [SpringBootRestService] [restartedMain] o.s.b.w.embedded.tomcat.TomcatWebServer  : Tomcat started on port 8081 (http) with context path ''
2024-06-09T16:18:13.042+03:30  INFO 26910 --- [SpringBootRestService] [restartedMain] c.e.S.SpringBootRestServiceApplication   : Started SpringBootRestServiceApplication in 2.467 seconds (process running for 2.855)
2024-06-09T16:18:22.547+03:30  INFO 27027 --- [SpringBootRestService] [main] c.e.S.SpringBootRestServiceIT            : Starting SpringBootRestServiceIT using Java 17.0.10 with PID 27027 (started by pc1 in /home/pc1/Documents/Projects/Junit_Integration_Test1)
2024-06-09T16:18:22.548+03:30  INFO 27027 --- [SpringBootRestService] [main] c.e.S.SpringBootRestServiceIT            : The following 1 profile is active: "dev"
2024-06-09T16:18:23.085+03:30  INFO 27027 --- [SpringBootRestService] [main] .s.d.r.c.RepositoryConfigurationDelegate : Bootstrapping Spring Data JPA repositories in DEFAULT mode.
2024-06-09T16:18:23.135+03:30  INFO 27027 --- [SpringBootRestService] [main] .s.d.r.c.RepositoryConfigurationDelegate : Finished Spring Data repository scanning in 44 ms. Found 1 JPA repository interface.
2024-06-09T16:18:23.440+03:30  INFO 27027 --- [SpringBootRestService] [main] com.zaxxer.hikari.HikariDataSource       : HikariPool-1 - Starting...
2024-06-09T16:18:23.570+03:30  INFO 27027 --- [SpringBootRestService] [main] com.zaxxer.hikari.pool.HikariPool        : HikariPool-1 - Added connection conn0: url=jdbc:h2:mem:testdb user=SA
2024-06-09T16:18:23.571+03:30  INFO 27027 --- [SpringBootRestService] [main] com.zaxxer.hikari.HikariDataSource       : HikariPool-1 - Start completed.
2024-06-09T16:18:23.639+03:30  INFO 27027 --- [SpringBootRestService] [main] o.hibernate.jpa.internal.util.LogHelper  : HHH000204: Processing PersistenceUnitInfo [name: default]
2024-06-09T16:18:23.678+03:30  INFO 27027 --- [SpringBootRestService] [main] org.hibernate.Version                    : HHH000412: Hibernate ORM core version 6.4.4.Final
2024-06-09T16:18:23.704+03:30  INFO 27027 --- [SpringBootRestService] [main] o.h.c.internal.RegionFactoryInitiator    : HHH000026: Second-level cache disabled
2024-06-09T16:18:23.855+03:30  INFO 27027 --- [SpringBootRestService] [main] o.s.o.j.p.SpringPersistenceUnitInfo      : No LoadTimeWeaver setup: ignoring JPA class transformer
2024-06-09T16:18:23.889+03:30  WARN 27027 --- [SpringBootRestService] [main] org.hibernate.dialect.Dialect            : HHH000511: The 2.2.0 version for [org.hibernate.dialect.PostgreSQLDialect] is no longer supported, hence certain features may not work properly. The minimum supported version is 12.0.0. Check the community dialects project for available legacy versions.
2024-06-09T16:18:23.893+03:30  WARN 27027 --- [SpringBootRestService] [main] org.hibernate.orm.deprecation            : HHH90000025: PostgreSQLDialect does not need to be specified explicitly using 'hibernate.dialect' (remove the property setting and it will be selected by default)
2024-06-09T16:18:24.401+03:30  INFO 27027 --- [SpringBootRestService] [main] o.h.e.t.j.p.i.JtaPlatformInitiator       : HHH000489: No JTA platform available (set 'hibernate.transaction.jta.platform' to enable JTA platform integration)
2024-06-09T16:18:24.432+03:30  INFO 27027 --- [SpringBootRestService] [main] j.LocalContainerEntityManagerFactoryBean : Initialized JPA EntityManagerFactory for persistence unit 'default'
2024-06-09T16:18:24.713+03:30  WARN 27027 --- [SpringBootRestService] [main] JpaBaseConfiguration$JpaWebConfiguration : spring.jpa.open-in-view is enabled by default. Therefore, database queries may be performed during view rendering. Explicitly configure spring.jpa.open-in-view to disable this warning
2024-06-09T16:18:24.989+03:30  INFO 27027 --- [SpringBootRestService] [main] c.e.S.SpringBootRestServiceIT            : Started SpringBootRestServiceIT in 2.685 seconds (process running for 3.539)
2024-06-09T16:18:25.354+03:30  INFO 27027 --- [SpringBootRestService] [SpringApplicationShutdownHook] j.LocalContainerEntityManagerFactoryBean : Closing JPA EntityManagerFactory for persistence unit 'default'
2024-06-09T16:18:25.356+03:30  INFO 27027 --- [SpringBootRestService] [SpringApplicationShutdownHook] com.zaxxer.hikari.HikariDataSource       : HikariPool-1 - Shutdown initiated...
2024-06-09T16:18:25.364+03:30  INFO 27027 --- [SpringBootRestService] [SpringApplicationShutdownHook] com.zaxxer.hikari.HikariDataSource       : HikariPool-1 - Shutdown completed.
2024-06-09T16:18:41.778+03:30  INFO 26910 --- [SpringBootRestService] [SpringApplicationShutdownHook] j.LocalContainerEntityManagerFactoryBean : Closing JPA EntityManagerFactory for persistence unit 'default'
2024-06-09T16:18:41.783+03:30  WARN 26910 --- [SpringBootRestService] [SpringApplicationShutdownHook] o.s.b.f.support.DisposableBeanAdapter    : Invocation of destroy method failed on bean with name 'inMemoryDatabaseShutdownExecutor': org.h2.jdbc.JdbcSQLNonTransientConnectionException: Database is already closed (to disable automatic closing at VM shutdown, add ";DB_CLOSE_ON_EXIT=FALSE" to the db URL) [90121-224]
2024-06-09T16:18:41.784+03:30  INFO 26910 --- [SpringBootRestService] [SpringApplicationShutdownHook] com.zaxxer.hikari.HikariDataSource       : HikariPool-1 - Shutdown initiated...
2024-06-09T16:18:41.787+03:30  INFO 26910 --- [SpringBootRestService] [SpringApplicationShutdownHook] com.zaxxer.hikari.HikariDataSource       : HikariPool-1 - Shutdown completed.
2024-06-09T16:18:43.435+03:30  INFO 27137 --- [SpringBootRestService] [restartedMain] c.e.S.SpringBootRestServiceApplication   : Starting SpringBootRestServiceApplication using Java 17.0.10 with PID 27137 (/home/pc1/Documents/Projects/Junit_Integration_Test1/target/classes started by pc1 in /home/pc1/Documents/Projects/Junit_Integration_Test1)
2024-06-09T16:18:43.436+03:30  INFO 27137 --- [SpringBootRestService] [restartedMain] c.e.S.SpringBootRestServiceApplication   : The following 1 profile is active: "dev"
2024-06-09T16:18:43.493+03:30  INFO 27137 --- [SpringBootRestService] [restartedMain] .e.DevToolsPropertyDefaultsPostProcessor : Devtools property defaults active! Set 'spring.devtools.add-properties' to 'false' to disable
2024-06-09T16:18:43.493+03:30  INFO 27137 --- [SpringBootRestService] [restartedMain] .e.DevToolsPropertyDefaultsPostProcessor : For additional web related logging consider setting the 'logging.level.web' property to 'DEBUG'
2024-06-09T16:18:43.964+03:30  INFO 27137 --- [SpringBootRestService] [restartedMain] .s.d.r.c.RepositoryConfigurationDelegate : Bootstrapping Spring Data JPA repositories in DEFAULT mode.
2024-06-09T16:18:44.000+03:30  INFO 27137 --- [SpringBootRestService] [restartedMain] .s.d.r.c.RepositoryConfigurationDelegate : Finished Spring Data repository scanning in 31 ms. Found 1 JPA repository interface.
2024-06-09T16:18:44.344+03:30  INFO 27137 --- [SpringBootRestService] [restartedMain] o.s.b.w.embedded.tomcat.TomcatWebServer  : Tomcat initialized with port 8080 (http)
2024-06-09T16:18:44.352+03:30  INFO 27137 --- [SpringBootRestService] [restartedMain] o.apache.catalina.core.StandardService   : Starting service [Tomcat]
2024-06-09T16:18:44.352+03:30  INFO 27137 --- [SpringBootRestService] [restartedMain] o.apache.catalina.core.StandardEngine    : Starting Servlet engine: [Apache Tomcat/10.1.20]
2024-06-09T16:18:44.378+03:30  INFO 27137 --- [SpringBootRestService] [restartedMain] o.a.c.c.C.[Tomcat].[localhost].[/]       : Initializing Spring embedded WebApplicationContext
2024-06-09T16:18:44.382+03:30  INFO 27137 --- [SpringBootRestService] [restartedMain] w.s.c.ServletWebServerApplicationContext : Root WebApplicationContext: initialization completed in 888 ms
2024-06-09T16:18:44.405+03:30  INFO 27137 --- [SpringBootRestService] [restartedMain] com.zaxxer.hikari.HikariDataSource       : HikariPool-1 - Starting...
2024-06-09T16:18:44.517+03:30  INFO 27137 --- [SpringBootRestService] [restartedMain] com.zaxxer.hikari.pool.HikariPool        : HikariPool-1 - Added connection conn0: url=jdbc:h2:mem:testdb user=SA
2024-06-09T16:18:44.518+03:30  INFO 27137 --- [SpringBootRestService] [restartedMain] com.zaxxer.hikari.HikariDataSource       : HikariPool-1 - Start completed.
2024-06-09T16:18:44.525+03:30  INFO 27137 --- [SpringBootRestService] [restartedMain] o.s.b.a.h2.H2ConsoleAutoConfiguration    : H2 console available at '/h2-console'. Database available at 'jdbc:h2:mem:testdb'
2024-06-09T16:18:44.622+03:30  INFO 27137 --- [SpringBootRestService] [restartedMain] o.hibernate.jpa.internal.util.LogHelper  : HHH000204: Processing PersistenceUnitInfo [name: default]
2024-06-09T16:18:44.651+03:30  INFO 27137 --- [SpringBootRestService] [restartedMain] org.hibernate.Version                    : HHH000412: Hibernate ORM core version 6.4.4.Final
2024-06-09T16:18:44.669+03:30  INFO 27137 --- [SpringBootRestService] [restartedMain] o.h.c.internal.RegionFactoryInitiator    : HHH000026: Second-level cache disabled
2024-06-09T16:18:44.796+03:30  INFO 27137 --- [SpringBootRestService] [restartedMain] o.s.o.j.p.SpringPersistenceUnitInfo      : No LoadTimeWeaver setup: ignoring JPA class transformer
2024-06-09T16:18:44.820+03:30  WARN 27137 --- [SpringBootRestService] [restartedMain] org.hibernate.dialect.Dialect            : HHH000511: The 2.2.0 version for [org.hibernate.dialect.PostgreSQLDialect] is no longer supported, hence certain features may not work properly. The minimum supported version is 12.0.0. Check the community dialects project for available legacy versions.
2024-06-09T16:18:44.823+03:30  WARN 27137 --- [SpringBootRestService] [restartedMain] org.hibernate.orm.deprecation            : HHH90000025: PostgreSQLDialect does not need to be specified explicitly using 'hibernate.dialect' (remove the property setting and it will be selected by default)
2024-06-09T16:18:45.268+03:30  INFO 27137 --- [SpringBootRestService] [restartedMain] o.h.e.t.j.p.i.JtaPlatformInitiator       : HHH000489: No JTA platform available (set 'hibernate.transaction.jta.platform' to enable JTA platform integration)
2024-06-09T16:18:45.297+03:30  INFO 27137 --- [SpringBootRestService] [restartedMain] j.LocalContainerEntityManagerFactoryBean : Initialized JPA EntityManagerFactory for persistence unit 'default'
2024-06-09T16:18:45.495+03:30  WARN 27137 --- [SpringBootRestService] [restartedMain] JpaBaseConfiguration$JpaWebConfiguration : spring.jpa.open-in-view is enabled by default. Therefore, database queries may be performed during view rendering. Explicitly configure spring.jpa.open-in-view to disable this warning
2024-06-09T16:18:45.694+03:30  INFO 27137 --- [SpringBootRestService] [restartedMain] o.s.b.d.a.OptionalLiveReloadServer       : LiveReload server is running on port 35729
2024-06-09T16:18:45.731+03:30  INFO 27137 --- [SpringBootRestService] [restartedMain] o.s.b.w.embedded.tomcat.TomcatWebServer  : Tomcat started on port 8080 (http) with context path ''
2024-06-09T16:18:45.740+03:30  INFO 27137 --- [SpringBootRestService] [restartedMain] c.e.S.SpringBootRestServiceApplication   : Started SpringBootRestServiceApplication in 2.607 seconds (process running for 3.04)
2024-06-09T16:18:52.472+03:30  INFO 27248 --- [SpringBootRestService] [main] c.e.S.SpringBootRestServiceIT            : Starting SpringBootRestServiceIT using Java 17.0.10 with PID 27248 (started by pc1 in /home/pc1/Documents/Projects/Junit_Integration_Test1)
2024-06-09T16:18:52.474+03:30  INFO 27248 --- [SpringBootRestService] [main] c.e.S.SpringBootRestServiceIT            : The following 1 profile is active: "dev"
2024-06-09T16:18:53.030+03:30  INFO 27248 --- [SpringBootRestService] [main] .s.d.r.c.RepositoryConfigurationDelegate : Bootstrapping Spring Data JPA repositories in DEFAULT mode.
2024-06-09T16:18:53.077+03:30  INFO 27248 --- [SpringBootRestService] [main] .s.d.r.c.RepositoryConfigurationDelegate : Finished Spring Data repository scanning in 41 ms. Found 1 JPA repository interface.
2024-06-09T16:18:53.390+03:30  INFO 27248 --- [SpringBootRestService] [main] com.zaxxer.hikari.HikariDataSource       : HikariPool-1 - Starting...
2024-06-09T16:18:53.522+03:30  INFO 27248 --- [SpringBootRestService] [main] com.zaxxer.hikari.pool.HikariPool        : HikariPool-1 - Added connection conn0: url=jdbc:h2:mem:testdb user=SA
2024-06-09T16:18:53.524+03:30  INFO 27248 --- [SpringBootRestService] [main] com.zaxxer.hikari.HikariDataSource       : HikariPool-1 - Start completed.
2024-06-09T16:18:53.600+03:30  INFO 27248 --- [SpringBootRestService] [main] o.hibernate.jpa.internal.util.LogHelper  : HHH000204: Processing PersistenceUnitInfo [name: default]
2024-06-09T16:18:53.638+03:30  INFO 27248 --- [SpringBootRestService] [main] org.hibernate.Version                    : HHH000412: Hibernate ORM core version 6.4.4.Final
2024-06-09T16:18:53.664+03:30  INFO 27248 --- [SpringBootRestService] [main] o.h.c.internal.RegionFactoryInitiator    : HHH000026: Second-level cache disabled
2024-06-09T16:18:53.839+03:30  INFO 27248 --- [SpringBootRestService] [main] o.s.o.j.p.SpringPersistenceUnitInfo      : No LoadTimeWeaver setup: ignoring JPA class transformer
2024-06-09T16:18:53.879+03:30  WARN 27248 --- [SpringBootRestService] [main] org.hibernate.dialect.Dialect            : HHH000511: The 2.2.0 version for [org.hibernate.dialect.PostgreSQLDialect] is no longer supported, hence certain features may not work properly. The minimum supported version is 12.0.0. Check the community dialects project for available legacy versions.
2024-06-09T16:18:53.882+03:30  WARN 27248 --- [SpringBootRestService] [main] org.hibernate.orm.deprecation            : HHH90000025: PostgreSQLDialect does not need to be specified explicitly using 'hibernate.dialect' (remove the property setting and it will be selected by default)
2024-06-09T16:18:54.424+03:30  INFO 27248 --- [SpringBootRestService] [main] o.h.e.t.j.p.i.JtaPlatformInitiator       : HHH000489: No JTA platform available (set 'hibernate.transaction.jta.platform' to enable JTA platform integration)
2024-06-09T16:18:54.455+03:30  INFO 27248 --- [SpringBootRestService] [main] j.LocalContainerEntityManagerFactoryBean : Initialized JPA EntityManagerFactory for persistence unit 'default'
2024-06-09T16:18:54.751+03:30  WARN 27248 --- [SpringBootRestService] [main] JpaBaseConfiguration$JpaWebConfiguration : spring.jpa.open-in-view is enabled by default. Therefore, database queries may be performed during view rendering. Explicitly configure spring.jpa.open-in-view to disable this warning
2024-06-09T16:18:55.070+03:30  INFO 27248 --- [SpringBootRestService] [main] c.e.S.SpringBootRestServiceIT            : Started SpringBootRestServiceIT in 2.862 seconds (process running for 3.735)
2024-06-09T16:18:55.453+03:30  INFO 27137 --- [SpringBootRestService] [http-nio-127.0.0.1-8080-exec-1] o.a.c.c.C.[Tomcat].[localhost].[/]       : Initializing Spring DispatcherServlet 'dispatcherServlet'
2024-06-09T16:18:55.454+03:30  INFO 27137 --- [SpringBootRestService] [http-nio-127.0.0.1-8080-exec-1] o.s.web.servlet.DispatcherServlet        : Initializing Servlet 'dispatcherServlet'
2024-06-09T16:18:55.455+03:30  INFO 27137 --- [SpringBootRestService] [http-nio-127.0.0.1-8080-exec-1] o.s.web.servlet.DispatcherServlet        : Completed initialization in 1 ms
2024-06-09T16:18:55.746+03:30  INFO 27137 --- [SpringBootRestService] [http-nio-127.0.0.1-8080-exec-1] c.e.S.controllers.LibraryController      : Book do not exist so creating one...
2024-06-09T16:18:55.812+03:30  INFO 27248 --- [SpringBootRestService] [SpringApplicationShutdownHook] j.LocalContainerEntityManagerFactoryBean : Closing JPA EntityManagerFactory for persistence unit 'default'
2024-06-09T16:18:55.814+03:30  INFO 27248 --- [SpringBootRestService] [SpringApplicationShutdownHook] com.zaxxer.hikari.HikariDataSource       : HikariPool-1 - Shutdown initiated...
2024-06-09T16:18:55.817+03:30  INFO 27248 --- [SpringBootRestService] [SpringApplicationShutdownHook] com.zaxxer.hikari.HikariDataSource       : HikariPool-1 - Shutdown completed.
2024-06-09T16:19:01.414+03:30  INFO 27345 --- [SpringBootRestService] [main] c.e.S.SpringBootRestServiceIT            : Starting SpringBootRestServiceIT using Java 17.0.10 with PID 27345 (started by pc1 in /home/pc1/Documents/Projects/Junit_Integration_Test1)
2024-06-09T16:19:01.423+03:30  INFO 27345 --- [SpringBootRestService] [main] c.e.S.SpringBootRestServiceIT            : The following 1 profile is active: "dev"
2024-06-09T16:19:01.954+03:30  INFO 27345 --- [SpringBootRestService] [main] .s.d.r.c.RepositoryConfigurationDelegate : Bootstrapping Spring Data JPA repositories in DEFAULT mode.
2024-06-09T16:19:01.997+03:30  INFO 27345 --- [SpringBootRestService] [main] .s.d.r.c.RepositoryConfigurationDelegate : Finished Spring Data repository scanning in 37 ms. Found 1 JPA repository interface.
2024-06-09T16:19:02.281+03:30  INFO 27345 --- [SpringBootRestService] [main] com.zaxxer.hikari.HikariDataSource       : HikariPool-1 - Starting...
2024-06-09T16:19:02.413+03:30  INFO 27345 --- [SpringBootRestService] [main] com.zaxxer.hikari.pool.HikariPool        : HikariPool-1 - Added connection conn0: url=jdbc:h2:mem:testdb user=SA
2024-06-09T16:19:02.414+03:30  INFO 27345 --- [SpringBootRestService] [main] com.zaxxer.hikari.HikariDataSource       : HikariPool-1 - Start completed.
2024-06-09T16:19:02.490+03:30  INFO 27345 --- [SpringBootRestService] [main] o.hibernate.jpa.internal.util.LogHelper  : HHH000204: Processing PersistenceUnitInfo [name: default]
2024-06-09T16:19:02.534+03:30  INFO 27345 --- [SpringBootRestService] [main] org.hibernate.Version                    : HHH000412: Hibernate ORM core version 6.4.4.Final
2024-06-09T16:19:02.558+03:30  INFO 27345 --- [SpringBootRestService] [main] o.h.c.internal.RegionFactoryInitiator    : HHH000026: Second-level cache disabled
2024-06-09T16:19:02.700+03:30  INFO 27345 --- [SpringBootRestService] [main] o.s.o.j.p.SpringPersistenceUnitInfo      : No LoadTimeWeaver setup: ignoring JPA class transformer
2024-06-09T16:19:02.737+03:30  WARN 27345 --- [SpringBootRestService] [main] org.hibernate.dialect.Dialect            : HHH000511: The 2.2.0 version for [org.hibernate.dialect.PostgreSQLDialect] is no longer supported, hence certain features may not work properly. The minimum supported version is 12.0.0. Check the community dialects project for available legacy versions.
2024-06-09T16:19:02.741+03:30  WARN 27345 --- [SpringBootRestService] [main] org.hibernate.orm.deprecation            : HHH90000025: PostgreSQLDialect does not need to be specified explicitly using 'hibernate.dialect' (remove the property setting and it will be selected by default)
2024-06-09T16:19:03.266+03:30  INFO 27345 --- [SpringBootRestService] [main] o.h.e.t.j.p.i.JtaPlatformInitiator       : HHH000489: No JTA platform available (set 'hibernate.transaction.jta.platform' to enable JTA platform integration)
2024-06-09T16:19:03.300+03:30  INFO 27345 --- [SpringBootRestService] [main] j.LocalContainerEntityManagerFactoryBean : Initialized JPA EntityManagerFactory for persistence unit 'default'
2024-06-09T16:19:03.623+03:30  WARN 27345 --- [SpringBootRestService] [main] JpaBaseConfiguration$JpaWebConfiguration : spring.jpa.open-in-view is enabled by default. Therefore, database queries may be performed during view rendering. Explicitly configure spring.jpa.open-in-view to disable this warning
2024-06-09T16:19:03.939+03:30  INFO 27345 --- [SpringBootRestService] [main] c.e.S.SpringBootRestServiceIT            : Started SpringBootRestServiceIT in 2.8 seconds (process running for 3.655)
2024-06-09T16:19:04.436+03:30  INFO 27137 --- [SpringBootRestService] [http-nio-127.0.0.1-8080-exec-4] c.e.S.controllers.LibraryController      : Book exist so skipping creation...
2024-06-09T16:19:04.463+03:30  INFO 27345 --- [SpringBootRestService] [SpringApplicationShutdownHook] j.LocalContainerEntityManagerFactoryBean : Closing JPA EntityManagerFactory for persistence unit 'default'
2024-06-09T16:19:04.466+03:30  INFO 27345 --- [SpringBootRestService] [SpringApplicationShutdownHook] com.zaxxer.hikari.HikariDataSource       : HikariPool-1 - Shutdown initiated...
2024-06-09T16:19:04.469+03:30  INFO 27345 --- [SpringBootRestService] [SpringApplicationShutdownHook] com.zaxxer.hikari.HikariDataSource       : HikariPool-1 - Shutdown completed.
2024-06-09T16:19:28.961+03:30  INFO 27137 --- [SpringBootRestService] [SpringApplicationShutdownHook] j.LocalContainerEntityManagerFactoryBean : Closing JPA EntityManagerFactory for persistence unit 'default'
2024-06-09T16:19:28.964+03:30  WARN 27137 --- [SpringBootRestService] [SpringApplicationShutdownHook] o.s.b.f.support.DisposableBeanAdapter    : Invocation of destroy method failed on bean with name 'inMemoryDatabaseShutdownExecutor': org.h2.jdbc.JdbcSQLNonTransientConnectionException: Database is already closed (to disable automatic closing at VM shutdown, add ";DB_CLOSE_ON_EXIT=FALSE" to the db URL) [90121-224]
2024-06-09T16:19:28.965+03:30  INFO 27137 --- [SpringBootRestService] [SpringApplicationShutdownHook] com.zaxxer.hikari.HikariDataSource       : HikariPool-1 - Shutdown initiated...
2024-06-09T16:19:28.966+03:30  INFO 27137 --- [SpringBootRestService] [SpringApplicationShutdownHook] com.zaxxer.hikari.HikariDataSource       : HikariPool-1 - Shutdown completed.
2024-06-09T16:19:34.952+03:30  INFO 27447 --- [SpringBootRestService] [restartedMain] c.e.S.SpringBootRestServiceApplication   : Starting SpringBootRestServiceApplication using Java 17.0.10 with PID 27447 (/home/pc1/Documents/Projects/Junit_Integration_Test1/target/classes started by pc1 in /home/pc1/Documents/Projects/Junit_Integration_Test1)
2024-06-09T16:19:34.954+03:30  INFO 27447 --- [SpringBootRestService] [restartedMain] c.e.S.SpringBootRestServiceApplication   : The following 1 profile is active: "dev"
2024-06-09T16:19:34.986+03:30  INFO 27447 --- [SpringBootRestService] [restartedMain] .e.DevToolsPropertyDefaultsPostProcessor : Devtools property defaults active! Set 'spring.devtools.add-properties' to 'false' to disable
2024-06-09T16:19:34.986+03:30  INFO 27447 --- [SpringBootRestService] [restartedMain] .e.DevToolsPropertyDefaultsPostProcessor : For additional web related logging consider setting the 'logging.level.web' property to 'DEBUG'
2024-06-09T16:19:35.406+03:30  INFO 27447 --- [SpringBootRestService] [restartedMain] .s.d.r.c.RepositoryConfigurationDelegate : Bootstrapping Spring Data JPA repositories in DEFAULT mode.
2024-06-09T16:19:35.441+03:30  INFO 27447 --- [SpringBootRestService] [restartedMain] .s.d.r.c.RepositoryConfigurationDelegate : Finished Spring Data repository scanning in 30 ms. Found 1 JPA repository interface.
2024-06-09T16:19:35.764+03:30  INFO 27447 --- [SpringBootRestService] [restartedMain] o.s.b.w.embedded.tomcat.TomcatWebServer  : Tomcat initialized with port 8080 (http)
2024-06-09T16:19:35.771+03:30  INFO 27447 --- [SpringBootRestService] [restartedMain] o.apache.catalina.core.StandardService   : Starting service [Tomcat]
2024-06-09T16:19:35.772+03:30  INFO 27447 --- [SpringBootRestService] [restartedMain] o.apache.catalina.core.StandardEngine    : Starting Servlet engine: [Apache Tomcat/10.1.20]
2024-06-09T16:19:35.800+03:30  INFO 27447 --- [SpringBootRestService] [restartedMain] o.a.c.c.C.[Tomcat].[localhost].[/]       : Initializing Spring embedded WebApplicationContext
2024-06-09T16:19:35.800+03:30  INFO 27447 --- [SpringBootRestService] [restartedMain] w.s.c.ServletWebServerApplicationContext : Root WebApplicationContext: initialization completed in 814 ms
2024-06-09T16:19:35.823+03:30  INFO 27447 --- [SpringBootRestService] [restartedMain] com.zaxxer.hikari.HikariDataSource       : HikariPool-1 - Starting...
2024-06-09T16:19:35.934+03:30  INFO 27447 --- [SpringBootRestService] [restartedMain] com.zaxxer.hikari.pool.HikariPool        : HikariPool-1 - Added connection conn0: url=jdbc:h2:mem:testdb user=SA
2024-06-09T16:19:35.935+03:30  INFO 27447 --- [SpringBootRestService] [restartedMain] com.zaxxer.hikari.HikariDataSource       : HikariPool-1 - Start completed.
2024-06-09T16:19:35.946+03:30  INFO 27447 --- [SpringBootRestService] [restartedMain] o.s.b.a.h2.H2ConsoleAutoConfiguration    : H2 console available at '/h2-console'. Database available at 'jdbc:h2:mem:testdb'
2024-06-09T16:19:36.044+03:30  INFO 27447 --- [SpringBootRestService] [restartedMain] o.hibernate.jpa.internal.util.LogHelper  : HHH000204: Processing PersistenceUnitInfo [name: default]
2024-06-09T16:19:36.074+03:30  INFO 27447 --- [SpringBootRestService] [restartedMain] org.hibernate.Version                    : HHH000412: Hibernate ORM core version 6.4.4.Final
2024-06-09T16:19:36.092+03:30  INFO 27447 --- [SpringBootRestService] [restartedMain] o.h.c.internal.RegionFactoryInitiator    : HHH000026: Second-level cache disabled
2024-06-09T16:19:36.222+03:30  INFO 27447 --- [SpringBootRestService] [restartedMain] o.s.o.j.p.SpringPersistenceUnitInfo      : No LoadTimeWeaver setup: ignoring JPA class transformer
2024-06-09T16:19:36.245+03:30  WARN 27447 --- [SpringBootRestService] [restartedMain] org.hibernate.dialect.Dialect            : HHH000511: The 2.2.0 version for [org.hibernate.dialect.PostgreSQLDialect] is no longer supported, hence certain features may not work properly. The minimum supported version is 12.0.0. Check the community dialects project for available legacy versions.
2024-06-09T16:19:36.249+03:30  WARN 27447 --- [SpringBootRestService] [restartedMain] org.hibernate.orm.deprecation            : HHH90000025: PostgreSQLDialect does not need to be specified explicitly using 'hibernate.dialect' (remove the property setting and it will be selected by default)
2024-06-09T16:19:36.692+03:30  INFO 27447 --- [SpringBootRestService] [restartedMain] o.h.e.t.j.p.i.JtaPlatformInitiator       : HHH000489: No JTA platform available (set 'hibernate.transaction.jta.platform' to enable JTA platform integration)
2024-06-09T16:19:36.719+03:30  INFO 27447 --- [SpringBootRestService] [restartedMain] j.LocalContainerEntityManagerFactoryBean : Initialized JPA EntityManagerFactory for persistence unit 'default'
2024-06-09T16:19:36.930+03:30  WARN 27447 --- [SpringBootRestService] [restartedMain] JpaBaseConfiguration$JpaWebConfiguration : spring.jpa.open-in-view is enabled by default. Therefore, database queries may be performed during view rendering. Explicitly configure spring.jpa.open-in-view to disable this warning
2024-06-09T16:19:37.144+03:30  INFO 27447 --- [SpringBootRestService] [restartedMain] o.s.b.d.a.OptionalLiveReloadServer       : LiveReload server is running on port 35729
2024-06-09T16:19:37.167+03:30  INFO 27447 --- [SpringBootRestService] [restartedMain] o.s.b.w.embedded.tomcat.TomcatWebServer  : Tomcat started on port 8080 (http) with context path ''
2024-06-09T16:19:37.174+03:30  INFO 27447 --- [SpringBootRestService] [restartedMain] c.e.S.SpringBootRestServiceApplication   : Started SpringBootRestServiceApplication in 2.512 seconds (process running for 2.916)
2024-06-09T16:19:45.829+03:30  INFO 27560 --- [SpringBootRestService] [main] c.e.S.SpringBootRestServiceIT            : Starting SpringBootRestServiceIT using Java 17.0.10 with PID 27560 (started by pc1 in /home/pc1/Documents/Projects/Junit_Integration_Test1)
2024-06-09T16:19:45.831+03:30  INFO 27560 --- [SpringBootRestService] [main] c.e.S.SpringBootRestServiceIT            : The following 1 profile is active: "dev"
2024-06-09T16:19:46.409+03:30  INFO 27560 --- [SpringBootRestService] [main] .s.d.r.c.RepositoryConfigurationDelegate : Bootstrapping Spring Data JPA repositories in DEFAULT mode.
2024-06-09T16:19:46.451+03:30  INFO 27560 --- [SpringBootRestService] [main] .s.d.r.c.RepositoryConfigurationDelegate : Finished Spring Data repository scanning in 36 ms. Found 1 JPA repository interface.
2024-06-09T16:19:46.747+03:30  INFO 27560 --- [SpringBootRestService] [main] com.zaxxer.hikari.HikariDataSource       : HikariPool-1 - Starting...
2024-06-09T16:19:46.885+03:30  INFO 27560 --- [SpringBootRestService] [main] com.zaxxer.hikari.pool.HikariPool        : HikariPool-1 - Added connection conn0: url=jdbc:h2:mem:testdb user=SA
2024-06-09T16:19:46.888+03:30  INFO 27560 --- [SpringBootRestService] [main] com.zaxxer.hikari.HikariDataSource       : HikariPool-1 - Start completed.
2024-06-09T16:19:46.984+03:30  INFO 27560 --- [SpringBootRestService] [main] o.hibernate.jpa.internal.util.LogHelper  : HHH000204: Processing PersistenceUnitInfo [name: default]
2024-06-09T16:19:47.016+03:30  INFO 27560 --- [SpringBootRestService] [main] org.hibernate.Version                    : HHH000412: Hibernate ORM core version 6.4.4.Final
2024-06-09T16:19:47.043+03:30  INFO 27560 --- [SpringBootRestService] [main] o.h.c.internal.RegionFactoryInitiator    : HHH000026: Second-level cache disabled
2024-06-09T16:19:47.207+03:30  INFO 27560 --- [SpringBootRestService] [main] o.s.o.j.p.SpringPersistenceUnitInfo      : No LoadTimeWeaver setup: ignoring JPA class transformer
2024-06-09T16:19:47.244+03:30  WARN 27560 --- [SpringBootRestService] [main] org.hibernate.dialect.Dialect            : HHH000511: The 2.2.0 version for [org.hibernate.dialect.PostgreSQLDialect] is no longer supported, hence certain features may not work properly. The minimum supported version is 12.0.0. Check the community dialects project for available legacy versions.
2024-06-09T16:19:47.247+03:30  WARN 27560 --- [SpringBootRestService] [main] org.hibernate.orm.deprecation            : HHH90000025: PostgreSQLDialect does not need to be specified explicitly using 'hibernate.dialect' (remove the property setting and it will be selected by default)
2024-06-09T16:19:47.767+03:30  INFO 27560 --- [SpringBootRestService] [main] o.h.e.t.j.p.i.JtaPlatformInitiator       : HHH000489: No JTA platform available (set 'hibernate.transaction.jta.platform' to enable JTA platform integration)
2024-06-09T16:19:47.802+03:30  INFO 27560 --- [SpringBootRestService] [main] j.LocalContainerEntityManagerFactoryBean : Initialized JPA EntityManagerFactory for persistence unit 'default'
2024-06-09T16:19:48.109+03:30  WARN 27560 --- [SpringBootRestService] [main] JpaBaseConfiguration$JpaWebConfiguration : spring.jpa.open-in-view is enabled by default. Therefore, database queries may be performed during view rendering. Explicitly configure spring.jpa.open-in-view to disable this warning
2024-06-09T16:19:48.388+03:30  INFO 27560 --- [SpringBootRestService] [main] c.e.S.SpringBootRestServiceIT            : Started SpringBootRestServiceIT in 2.828 seconds (process running for 3.654)
2024-06-09T16:19:48.745+03:30  INFO 27447 --- [SpringBootRestService] [http-nio-127.0.0.1-8080-exec-1] o.a.c.c.C.[Tomcat].[localhost].[/]       : Initializing Spring DispatcherServlet 'dispatcherServlet'
2024-06-09T16:19:48.745+03:30  INFO 27447 --- [SpringBootRestService] [http-nio-127.0.0.1-8080-exec-1] o.s.web.servlet.DispatcherServlet        : Initializing Servlet 'dispatcherServlet'
2024-06-09T16:19:48.747+03:30  INFO 27447 --- [SpringBootRestService] [http-nio-127.0.0.1-8080-exec-1] o.s.web.servlet.DispatcherServlet        : Completed initialization in 1 ms
2024-06-09T16:19:49.085+03:30  INFO 27447 --- [SpringBootRestService] [http-nio-127.0.0.1-8080-exec-2] c.e.S.controllers.LibraryController      : Book do not exist so creating one...
2024-06-09T16:19:49.115+03:30  INFO 27560 --- [SpringBootRestService] [SpringApplicationShutdownHook] j.LocalContainerEntityManagerFactoryBean : Closing JPA EntityManagerFactory for persistence unit 'default'
2024-06-09T16:19:49.116+03:30  INFO 27560 --- [SpringBootRestService] [SpringApplicationShutdownHook] com.zaxxer.hikari.HikariDataSource       : HikariPool-1 - Shutdown initiated...
2024-06-09T16:19:49.118+03:30  INFO 27560 --- [SpringBootRestService] [SpringApplicationShutdownHook] com.zaxxer.hikari.HikariDataSource       : HikariPool-1 - Shutdown completed.
2024-06-09T16:19:53.864+03:30  INFO 27447 --- [SpringBootRestService] [SpringApplicationShutdownHook] j.LocalContainerEntityManagerFactoryBean : Closing JPA EntityManagerFactory for persistence unit 'default'
2024-06-09T16:19:53.867+03:30  WARN 27447 --- [SpringBootRestService] [SpringApplicationShutdownHook] o.s.b.f.support.DisposableBeanAdapter    : Invocation of destroy method failed on bean with name 'inMemoryDatabaseShutdownExecutor': org.h2.jdbc.JdbcSQLNonTransientConnectionException: Database is already closed (to disable automatic closing at VM shutdown, add ";DB_CLOSE_ON_EXIT=FALSE" to the db URL) [90121-224]
2024-06-09T16:19:53.867+03:30  INFO 27447 --- [SpringBootRestService] [SpringApplicationShutdownHook] com.zaxxer.hikari.HikariDataSource       : HikariPool-1 - Shutdown initiated...
2024-06-09T16:19:53.868+03:30  INFO 27447 --- [SpringBootRestService] [SpringApplicationShutdownHook] com.zaxxer.hikari.HikariDataSource       : HikariPool-1 - Shutdown completed.
